#
# There is insufficient memory for the Java Runtime Environment to continue.
# Native memory allocation (malloc) failed to allocate 1238736 bytes for Chunk::new
# Possible reasons:
#   The system is out of physical RAM or swap space
#   The process is running with CompressedOops enabled, and the Java Heap may be blocking the growth of the native heap
# Possible solutions:
#   Reduce memory load on the system
#   Increase physical memory or swap space
#   Check if swap backing store is full
#   Decrease Java heap size (-Xmx/-Xms)
#   Decrease number of Java threads
#   Decrease Java thread stack sizes (-Xss)
#   Set larger code cache with -XX:ReservedCodeCacheSize=
#   JVM is running with Unscaled Compressed Oops mode in which the Java heap is
#     placed in the first 4GB address space. The Java Heap base address is the
#     maximum limit for the native heap growth. Please use -XX:HeapBaseMinAddress
#     to set the Java Heap base and to place the Java Heap above 4GB virtual address.
# This output file may be truncated or incomplete.
#
#  Out of Memory Error (./src/hotspot/share/memory/arena.cpp:197), pid=4000, tid=10972
#
# JRE version: OpenJDK Runtime Environment (11.0.8+10) (build 11.0.8+10-b944.6842174)
# Java VM: OpenJDK 64-Bit Server VM (11.0.8+10-b944.6842174, mixed mode, tiered, compressed oops, g1 gc, windows-amd64)
# No core dump will be written. Minidumps are not enabled by default on client versions of Windows
#

---------------  S U M M A R Y ------------

Command Line: --add-opens=java.base/java.util=ALL-UNNAMED --add-opens=java.base/java.lang=ALL-UNNAMED --add-opens=java.base/java.lang.invoke=ALL-UNNAMED --add-opens=java.prefs/java.util.prefs=ALL-UNNAMED -Xmx2048m -Dfile.encoding=UTF-8 -Duser.country=GR -Duser.language=el -Duser.variant org.gradle.launcher.daemon.bootstrap.GradleDaemon 6.7.1

Host: AMD Phenom(tm) II X4 955 Processor, 4 cores, 7G,  Windows 10 , 64 bit Build 19041 (10.0.19041.1023)
Time: Sat Jul 24 19:55:05 2021 Te???? ??a GTB elapsed time: 18 seconds (0d 0h 0m 18s)

---------------  T H R E A D  ---------------

Current thread (0x00000186c47ad800):  JavaThread "C2 CompilerThread0" daemon [_thread_in_native, id=10972, stack(0x00000028c6a00000,0x00000028c6b00000)]


Current CompileTask:
C2:  18021 9991       4       org.gradle.internal.fingerprint.classpath.impl.ClasspathFingerprintingStrategy$ClasspathFingerprintVisitor::visit (61 bytes)

Stack: [0x00000028c6a00000,0x00000028c6b00000]
Native frames: (J=compiled Java code, j=interpreted, Vv=VM code, C=native code)
V  [jvm.dll+0x5de50a]
V  [jvm.dll+0x7122f5]
V  [jvm.dll+0x71384d]
V  [jvm.dll+0x713f03]
V  [jvm.dll+0x23e728]
V  [jvm.dll+0xb899c]
V  [jvm.dll+0xb8e9c]
V  [jvm.dll+0x35020b]
V  [jvm.dll+0x31dea3]
V  [jvm.dll+0x31d39a]
V  [jvm.dll+0x1f7702]
V  [jvm.dll+0x1f68d4]
V  [jvm.dll+0x17f32c]
V  [jvm.dll+0x205047]
V  [jvm.dll+0x203891]
V  [jvm.dll+0x6dad3f]
V  [jvm.dll+0x6d3895]
V  [jvm.dll+0x5dd4a6]
C  [ucrtbase.dll+0x21bb2]
C  [KERNEL32.DLL+0x17034]
C  [ntdll.dll+0x52651]


---------------  P R O C E S S  ---------------

Threads class SMR info:
_java_thread_list=0x00000186cb778290, length=144, elements={
0x00000186aad2d000, 0x00000186c478f800, 0x00000186c4798800, 0x00000186c47aa000,
0x00000186c47ac000, 0x00000186c47ad800, 0x00000186c47b9000, 0x00000186c47bd800,
0x00000186c5299000, 0x00000186c52b5000, 0x00000186c7108800, 0x00000186c54c0800,
0x00000186c6442000, 0x00000186c6487800, 0x00000186c624c000, 0x00000186c61c5000,
0x00000186c6f06000, 0x00000186c708f000, 0x00000186c6f93800, 0x00000186c70ce800,
0x00000186c6991800, 0x00000186c698d800, 0x00000186c698e000, 0x00000186c725e000,
0x00000186c6990000, 0x00000186c698b800, 0x00000186c698f000, 0x00000186c698c800,
0x00000186c6990800, 0x00000186c9941000, 0x00000186c9943800, 0x00000186c9946000,
0x00000186c9947000, 0x00000186c9948000, 0x00000186c9945800, 0x00000186c9942000,
0x00000186c9943000, 0x00000186c5db3000, 0x00000186c5db5800, 0x00000186c5db3800,
0x00000186c5db6000, 0x00000186c5db7000, 0x00000186c5db4800, 0x00000186c5db8000,
0x00000186c5db2000, 0x00000186c5dba800, 0x00000186c5dbb000, 0x00000186c5dbc000,
0x00000186c5dbe800, 0x00000186c5dbc800, 0x00000186c5db9800, 0x00000186c5dbd800,
0x00000186c5db8800, 0x00000186c5dbf000, 0x00000186c5dc0000, 0x00000186c5dc1000,
0x00000186c6cb2800, 0x00000186c6cb6000, 0x00000186c6cb4000, 0x00000186c6cb0000,
0x00000186c6cb6800, 0x00000186c6cb1000, 0x00000186c6cb5000, 0x00000186c6cb7800,
0x00000186c6cb1800, 0x00000186c6cb9000, 0x00000186c6cb3800, 0x00000186c6cbd000,
0x00000186c6cba000, 0x00000186c6cbb800, 0x00000186c6cbc800, 0x00000186c6cba800,
0x00000186c6cbe000, 0x00000186c6cb8800, 0x00000186c6cbf000, 0x00000186c73f5000,
0x00000186c73f0000, 0x00000186c73f1000, 0x00000186c73ef800, 0x00000186c73f6000,
0x00000186c73f2800, 0x00000186c73f6800, 0x00000186c73f2000, 0x00000186c73f4800,
0x00000186c73f7800, 0x00000186c73f8800, 0x00000186c73f9000, 0x00000186c73f3800,
0x00000186c73fa000, 0x00000186c73fe000, 0x00000186c73fb000, 0x00000186c73fb800,
0x00000186c73fc800, 0x00000186c73fd800, 0x00000186cb0a6800, 0x00000186cb0a7800,
0x00000186cb0a9800, 0x00000186cb0a9000, 0x00000186cb0a8000, 0x00000186cb0aa800,
0x00000186cb0a5800, 0x00000186cb0ae800, 0x00000186cb0ab800, 0x00000186cb0ae000,
0x00000186cb0b2000, 0x00000186cb0ad000, 0x00000186cb0af800, 0x00000186cb0b1000,
0x00000186cb0ac000, 0x00000186cb0b4800, 0x00000186cb0b2800, 0x00000186cb0b0800,
0x00000186cb0b3800, 0x00000186c53e1800, 0x00000186c53e0800, 0x00000186c53dc800,
0x00000186c53dc000, 0x00000186c53e2800, 0x00000186c53dd800, 0x00000186c53de000,
0x00000186c53e0000, 0x00000186c53e3000, 0x00000186c53e4800, 0x00000186c53e4000,
0x00000186c53df000, 0x00000186c53e6800, 0x00000186c53e5800, 0x00000186c53e9800,
0x00000186c53e8000, 0x00000186c53e7000, 0x00000186c53e9000, 0x00000186c53ea800,
0x00000186c7728000, 0x00000186c7725800, 0x00000186c7722800, 0x00000186c7729000,
0x00000186c7726800, 0x00000186c7723000, 0x00000186c7727000, 0x00000186c7729800,
0x00000186c7724000, 0x00000186c7724800, 0x00000186c772d000, 0x00000186c772c000
}

Java Threads: ( => current thread )
  0x00000186aad2d000 JavaThread "main" [_thread_blocked, id=244, stack(0x00000028c5f00000,0x00000028c6000000)]
  0x00000186c478f800 JavaThread "Reference Handler" daemon [_thread_blocked, id=11860, stack(0x00000028c6600000,0x00000028c6700000)]
  0x00000186c4798800 JavaThread "Finalizer" daemon [_thread_blocked, id=6996, stack(0x00000028c6700000,0x00000028c6800000)]
  0x00000186c47aa000 JavaThread "Signal Dispatcher" daemon [_thread_blocked, id=4024, stack(0x00000028c6800000,0x00000028c6900000)]
  0x00000186c47ac000 JavaThread "Attach Listener" daemon [_thread_blocked, id=1668, stack(0x00000028c6900000,0x00000028c6a00000)]
=>0x00000186c47ad800 JavaThread "C2 CompilerThread0" daemon [_thread_in_native, id=10972, stack(0x00000028c6a00000,0x00000028c6b00000)]
  0x00000186c47b9000 JavaThread "C1 CompilerThread0" daemon [_thread_blocked, id=3216, stack(0x00000028c6b00000,0x00000028c6c00000)]
  0x00000186c47bd800 JavaThread "Sweeper thread" daemon [_thread_blocked, id=7796, stack(0x00000028c6c00000,0x00000028c6d00000)]
  0x00000186c5299000 JavaThread "Common-Cleaner" daemon [_thread_blocked, id=12804, stack(0x00000028c6d00000,0x00000028c6e00000)]
  0x00000186c52b5000 JavaThread "Service Thread" daemon [_thread_blocked, id=8084, stack(0x00000028c6e00000,0x00000028c6f00000)]
  0x00000186c7108800 JavaThread "Daemon health stats" [_thread_blocked, id=7972, stack(0x00000028c7200000,0x00000028c7300000)]
  0x00000186c54c0800 JavaThread "Incoming local TCP Connector on port 63918" [_thread_in_native, id=12568, stack(0x00000028c7400000,0x00000028c7500000)]
  0x00000186c6442000 JavaThread "Daemon periodic checks" [_thread_blocked, id=9900, stack(0x00000028c7500000,0x00000028c7600000)]
  0x00000186c6487800 JavaThread "Daemon" [_thread_blocked, id=8912, stack(0x00000028c7600000,0x00000028c7700000)]
  0x00000186c624c000 JavaThread "Handler for socket connection from /127.0.0.1:63918 to /127.0.0.1:63919" [_thread_in_native, id=7672, stack(0x00000028c7700000,0x00000028c7800000)]
  0x00000186c61c5000 JavaThread "Cancel handler" [_thread_blocked, id=1636, stack(0x00000028c7800000,0x00000028c7900000)]
  0x00000186c6f06000 JavaThread "Daemon worker" [_thread_blocked, id=2156, stack(0x00000028c7900000,0x00000028c7a00000)]
  0x00000186c708f000 JavaThread "Asynchronous log dispatcher for DefaultDaemonConnection: socket connection from /127.0.0.1:63918 to /127.0.0.1:63919" [_thread_blocked, id=7780, stack(0x00000028c7a00000,0x00000028c7b00000)]
  0x00000186c6f93800 JavaThread "Stdin handler" [_thread_blocked, id=6224, stack(0x00000028c7b00000,0x00000028c7c00000)]
  0x00000186c70ce800 JavaThread "Thread-8" [_thread_blocked, id=6388, stack(0x00000028c7c00000,0x00000028c7d00000)]
  0x00000186c6991800 JavaThread "Cache worker for file hash cache (C:\Users\Masha Otaku\.gradle\caches\6.7.1\fileHashes)" [_thread_blocked, id=6400, stack(0x00000028c8000000,0x00000028c8100000)]
  0x00000186c698d800 JavaThread "File lock request listener" [_thread_in_native, id=12236, stack(0x00000028c8100000,0x00000028c8200000)]
  0x00000186c698e000 JavaThread "Cache worker for journal cache (C:\Users\Masha Otaku\.gradle\caches\journal-1)" [_thread_blocked, id=6560, stack(0x00000028c7d00000,0x00000028c7e00000)]
  0x00000186c725e000 JavaThread "C2 CompilerThread1" daemon [_thread_blocked, id=8528, stack(0x00000028c8200000,0x00000028c8300000)]
  0x00000186c6990000 JavaThread "Cache worker for file hash cache (D:\Users\Masha Otaku\AndroidStudioProjects\Mobile_App\.gradle\6.7.1\fileHashes)" [_thread_blocked, id=5228, stack(0x00000028c8300000,0x00000028c8400000)]
  0x00000186c698b800 JavaThread "Cache worker for checksums cache (D:\Users\Masha Otaku\AndroidStudioProjects\Mobile_App\.gradle\checksums)" [_thread_blocked, id=7336, stack(0x00000028c8400000,0x00000028c8500000)]
  0x00000186c698f000 JavaThread "Cache worker for cache directory md-supplier (C:\Users\Masha Otaku\.gradle\caches\6.7.1\md-supplier)" [_thread_blocked, id=2472, stack(0x00000028c8500000,0x00000028c8600000)]
  0x00000186c698c800 JavaThread "Cache worker for cache directory md-rule (C:\Users\Masha Otaku\.gradle\caches\6.7.1\md-rule)" [_thread_blocked, id=1532, stack(0x00000028c8600000,0x00000028c8700000)]
  0x00000186c6990800 JavaThread "Cache worker for execution history cache (C:\Users\Masha Otaku\.gradle\caches\6.7.1\executionHistory)" [_thread_blocked, id=7192, stack(0x00000028c8700000,0x00000028c8800000)]
  0x00000186c9941000 JavaThread "jar transforms" [_thread_blocked, id=11580, stack(0x00000028c8800000,0x00000028c8900000)]
  0x00000186c9943800 JavaThread "Cache worker for file content cache (C:\Users\Masha Otaku\.gradle\caches\6.7.1\fileContent)" [_thread_blocked, id=14124, stack(0x00000028c8900000,0x00000028c8a00000)]
  0x00000186c9946000 JavaThread "Cache worker for Build Output Cleanup Cache (D:\Users\Masha Otaku\AndroidStudioProjects\Mobile_App\.gradle\buildOutputCleanup)" [_thread_blocked, id=2948, stack(0x00000028c8a00000,0x00000028c8b00000)]
  0x00000186c9947000 JavaThread "Build operations" [_thread_blocked, id=8680, stack(0x00000028c8b00000,0x00000028c8c00000)]
  0x00000186c9948000 JavaThread "Build operations Thread 2" [_thread_blocked, id=10424, stack(0x00000028c8c00000,0x00000028c8d00000)]
  0x00000186c9945800 JavaThread "Build operations Thread 3" [_thread_in_native, id=3644, stack(0x00000028c8d00000,0x00000028c8e00000)]
  0x00000186c9942000 JavaThread "Build operations Thread 4" [_thread_in_native, id=10280, stack(0x00000028c8e00000,0x00000028c8f00000)]
  0x00000186c9943000 JavaThread "jar transforms Thread 2" [_thread_blocked, id=8356, stack(0x00000028c8f00000,0x00000028c9000000)]
  0x00000186c5db3000 JavaThread "jar transforms Thread 3" [_thread_blocked, id=13132, stack(0x00000028c9000000,0x00000028c9100000)]
  0x00000186c5db5800 JavaThread "jar transforms Thread 4" [_thread_blocked, id=13376, stack(0x00000028c9100000,0x00000028c9200000)]
  0x00000186c5db3800 JavaThread "jar transforms Thread 5" [_thread_blocked, id=9272, stack(0x00000028c9200000,0x00000028c9300000)]
  0x00000186c5db6000 JavaThread "jar transforms Thread 6" [_thread_blocked, id=5108, stack(0x00000028c9300000,0x00000028c9400000)]
  0x00000186c5db7000 JavaThread "jar transforms Thread 7" [_thread_blocked, id=9308, stack(0x00000028c9400000,0x00000028c9500000)]
  0x00000186c5db4800 JavaThread "jar transforms Thread 8" [_thread_blocked, id=6728, stack(0x00000028c9500000,0x00000028c9600000)]
  0x00000186c5db8000 JavaThread "jar transforms Thread 9" [_thread_blocked, id=4628, stack(0x00000028c9600000,0x00000028c9700000)]
  0x00000186c5db2000 JavaThread "jar transforms Thread 10" [_thread_blocked, id=9008, stack(0x00000028c9700000,0x00000028c9800000)]
  0x00000186c5dba800 JavaThread "jar transforms Thread 11" [_thread_blocked, id=9128, stack(0x00000028c9800000,0x00000028c9900000)]
  0x00000186c5dbb000 JavaThread "jar transforms Thread 12" [_thread_blocked, id=13664, stack(0x00000028c9900000,0x00000028c9a00000)]
  0x00000186c5dbc000 JavaThread "jar transforms Thread 13" [_thread_blocked, id=9804, stack(0x00000028c9a00000,0x00000028c9b00000)]
  0x00000186c5dbe800 JavaThread "jar transforms Thread 14" [_thread_blocked, id=12324, stack(0x00000028c9b00000,0x00000028c9c00000)]
  0x00000186c5dbc800 JavaThread "jar transforms Thread 15" [_thread_blocked, id=2740, stack(0x00000028c9c00000,0x00000028c9d00000)]
  0x00000186c5db9800 JavaThread "jar transforms Thread 16" [_thread_blocked, id=10616, stack(0x00000028c9d00000,0x00000028c9e00000)]
  0x00000186c5dbd800 JavaThread "jar transforms Thread 17" [_thread_blocked, id=4316, stack(0x00000028c9e00000,0x00000028c9f00000)]
  0x00000186c5db8800 JavaThread "jar transforms Thread 18" [_thread_blocked, id=12528, stack(0x00000028c9f00000,0x00000028ca000000)]
  0x00000186c5dbf000 JavaThread "jar transforms Thread 19" [_thread_blocked, id=11076, stack(0x00000028ca000000,0x00000028ca100000)]
  0x00000186c5dc0000 JavaThread "jar transforms Thread 20" [_thread_blocked, id=11484, stack(0x00000028ca100000,0x00000028ca200000)]
  0x00000186c5dc1000 JavaThread "jar transforms Thread 21" [_thread_blocked, id=3952, stack(0x00000028ca200000,0x00000028ca300000)]
  0x00000186c6cb2800 JavaThread "jar transforms Thread 22" [_thread_blocked, id=2064, stack(0x00000028ca300000,0x00000028ca400000)]
  0x00000186c6cb6000 JavaThread "jar transforms Thread 23" [_thread_blocked, id=1748, stack(0x00000028ca400000,0x00000028ca500000)]
  0x00000186c6cb4000 JavaThread "jar transforms Thread 24" [_thread_blocked, id=5428, stack(0x00000028ca500000,0x00000028ca600000)]
  0x00000186c6cb0000 JavaThread "jar transforms Thread 25" [_thread_blocked, id=764, stack(0x00000028ca600000,0x00000028ca700000)]
  0x00000186c6cb6800 JavaThread "jar transforms Thread 26" [_thread_blocked, id=3452, stack(0x00000028ca700000,0x00000028ca800000)]
  0x00000186c6cb1000 JavaThread "jar transforms Thread 27" [_thread_blocked, id=11480, stack(0x00000028ca800000,0x00000028ca900000)]
  0x00000186c6cb5000 JavaThread "jar transforms Thread 28" [_thread_blocked, id=2136, stack(0x00000028ca900000,0x00000028caa00000)]
  0x00000186c6cb7800 JavaThread "jar transforms Thread 29" [_thread_blocked, id=12972, stack(0x00000028caa00000,0x00000028cab00000)]
  0x00000186c6cb1800 JavaThread "jar transforms Thread 30" [_thread_blocked, id=4088, stack(0x00000028cab00000,0x00000028cac00000)]
  0x00000186c6cb9000 JavaThread "jar transforms Thread 31" [_thread_blocked, id=3432, stack(0x00000028cac00000,0x00000028cad00000)]
  0x00000186c6cb3800 JavaThread "jar transforms Thread 32" [_thread_blocked, id=13904, stack(0x00000028cad00000,0x00000028cae00000)]
  0x00000186c6cbd000 JavaThread "jar transforms Thread 33" [_thread_blocked, id=13892, stack(0x00000028cae00000,0x00000028caf00000)]
  0x00000186c6cba000 JavaThread "jar transforms Thread 34" [_thread_blocked, id=9172, stack(0x00000028caf00000,0x00000028cb000000)]
  0x00000186c6cbb800 JavaThread "jar transforms Thread 35" [_thread_blocked, id=9072, stack(0x00000028cb000000,0x00000028cb100000)]
  0x00000186c6cbc800 JavaThread "jar transforms Thread 36" [_thread_blocked, id=7688, stack(0x00000028cb100000,0x00000028cb200000)]
  0x00000186c6cba800 JavaThread "jar transforms Thread 37" [_thread_blocked, id=2012, stack(0x00000028cb200000,0x00000028cb300000)]
  0x00000186c6cbe000 JavaThread "jar transforms Thread 38" [_thread_blocked, id=9444, stack(0x00000028cb300000,0x00000028cb400000)]
  0x00000186c6cb8800 JavaThread "jar transforms Thread 39" [_thread_blocked, id=1620, stack(0x00000028cb400000,0x00000028cb500000)]
  0x00000186c6cbf000 JavaThread "jar transforms Thread 40" [_thread_blocked, id=9576, stack(0x00000028cb500000,0x00000028cb600000)]
  0x00000186c73f5000 JavaThread "jar transforms Thread 41" [_thread_blocked, id=3624, stack(0x00000028cb600000,0x00000028cb700000)]
  0x00000186c73f0000 JavaThread "jar transforms Thread 42" [_thread_blocked, id=1460, stack(0x00000028cb700000,0x00000028cb800000)]
  0x00000186c73f1000 JavaThread "jar transforms Thread 43" [_thread_blocked, id=1032, stack(0x00000028cb800000,0x00000028cb900000)]
  0x00000186c73ef800 JavaThread "jar transforms Thread 44" [_thread_blocked, id=14108, stack(0x00000028cb900000,0x00000028cba00000)]
  0x00000186c73f6000 JavaThread "jar transforms Thread 45" [_thread_blocked, id=2416, stack(0x00000028cba00000,0x00000028cbb00000)]
  0x00000186c73f2800 JavaThread "jar transforms Thread 46" [_thread_blocked, id=1392, stack(0x00000028cbb00000,0x00000028cbc00000)]
  0x00000186c73f6800 JavaThread "jar transforms Thread 47" [_thread_blocked, id=7624, stack(0x00000028cbc00000,0x00000028cbd00000)]
  0x00000186c73f2000 JavaThread "jar transforms Thread 48" [_thread_blocked, id=8172, stack(0x00000028cbd00000,0x00000028cbe00000)]
  0x00000186c73f4800 JavaThread "jar transforms Thread 49" [_thread_blocked, id=5132, stack(0x00000028cbe00000,0x00000028cbf00000)]
  0x00000186c73f7800 JavaThread "jar transforms Thread 50" [_thread_blocked, id=4416, stack(0x00000028cbf00000,0x00000028cc000000)]
  0x00000186c73f8800 JavaThread "jar transforms Thread 51" [_thread_blocked, id=9756, stack(0x00000028cc000000,0x00000028cc100000)]
  0x00000186c73f9000 JavaThread "jar transforms Thread 52" [_thread_blocked, id=12896, stack(0x00000028cc100000,0x00000028cc200000)]
  0x00000186c73f3800 JavaThread "jar transforms Thread 53" [_thread_blocked, id=11388, stack(0x00000028cc200000,0x00000028cc300000)]
  0x00000186c73fa000 JavaThread "jar transforms Thread 54" [_thread_blocked, id=6520, stack(0x00000028cc300000,0x00000028cc400000)]
  0x00000186c73fe000 JavaThread "jar transforms Thread 55" [_thread_blocked, id=5648, stack(0x00000028cc400000,0x00000028cc500000)]
  0x00000186c73fb000 JavaThread "jar transforms Thread 56" [_thread_blocked, id=4116, stack(0x00000028cc500000,0x00000028cc600000)]
  0x00000186c73fb800 JavaThread "jar transforms Thread 57" [_thread_blocked, id=5956, stack(0x00000028cc600000,0x00000028cc700000)]
  0x00000186c73fc800 JavaThread "jar transforms Thread 58" [_thread_blocked, id=11652, stack(0x00000028cc700000,0x00000028cc800000)]
  0x00000186c73fd800 JavaThread "jar transforms Thread 59" [_thread_blocked, id=10812, stack(0x00000028cc800000,0x00000028cc900000)]
  0x00000186cb0a6800 JavaThread "jar transforms Thread 60" [_thread_blocked, id=4220, stack(0x00000028cc900000,0x00000028cca00000)]
  0x00000186cb0a7800 JavaThread "jar transforms Thread 61" [_thread_blocked, id=13796, stack(0x00000028cca00000,0x00000028ccb00000)]
  0x00000186cb0a9800 JavaThread "jar transforms Thread 62" [_thread_blocked, id=14148, stack(0x00000028ccb00000,0x00000028ccc00000)]
  0x00000186cb0a9000 JavaThread "jar transforms Thread 63" [_thread_blocked, id=9228, stack(0x00000028ccc00000,0x00000028ccd00000)]
  0x00000186cb0a8000 JavaThread "jar transforms Thread 64" [_thread_blocked, id=5072, stack(0x00000028ccd00000,0x00000028cce00000)]
  0x00000186cb0aa800 JavaThread "jar transforms Thread 65" [_thread_blocked, id=10296, stack(0x00000028cce00000,0x00000028ccf00000)]
  0x00000186cb0a5800 JavaThread "jar transforms Thread 66" [_thread_blocked, id=4676, stack(0x00000028ccf00000,0x00000028cd000000)]
  0x00000186cb0ae800 JavaThread "jar transforms Thread 67" [_thread_blocked, id=11256, stack(0x00000028cd000000,0x00000028cd100000)]
  0x00000186cb0ab800 JavaThread "jar transforms Thread 68" [_thread_blocked, id=11376, stack(0x00000028cd100000,0x00000028cd200000)]
  0x00000186cb0ae000 JavaThread "jar transforms Thread 69" [_thread_blocked, id=2236, stack(0x00000028cd200000,0x00000028cd300000)]
  0x00000186cb0b2000 JavaThread "jar transforms Thread 70" [_thread_blocked, id=4612, stack(0x00000028cd300000,0x00000028cd400000)]
  0x00000186cb0ad000 JavaThread "jar transforms Thread 71" [_thread_blocked, id=12416, stack(0x00000028cd400000,0x00000028cd500000)]
  0x00000186cb0af800 JavaThread "jar transforms Thread 72" [_thread_blocked, id=6368, stack(0x00000028cd500000,0x00000028cd600000)]
  0x00000186cb0b1000 JavaThread "jar transforms Thread 73" [_thread_blocked, id=13876, stack(0x00000028cd600000,0x00000028cd700000)]
  0x00000186cb0ac000 JavaThread "jar transforms Thread 74" [_thread_blocked, id=12948, stack(0x00000028cd700000,0x00000028cd800000)]
  0x00000186cb0b4800 JavaThread "jar transforms Thread 75" [_thread_blocked, id=4824, stack(0x00000028cd800000,0x00000028cd900000)]
  0x00000186cb0b2800 JavaThread "jar transforms Thread 76" [_thread_blocked, id=12140, stack(0x00000028cd900000,0x00000028cda00000)]
  0x00000186cb0b0800 JavaThread "jar transforms Thread 77" [_thread_blocked, id=5552, stack(0x00000028cda00000,0x00000028cdb00000)]
  0x00000186cb0b3800 JavaThread "jar transforms Thread 78" [_thread_blocked, id=7004, stack(0x00000028cdb00000,0x00000028cdc00000)]
  0x00000186c53e1800 JavaThread "jar transforms Thread 79" [_thread_blocked, id=14320, stack(0x00000028cdc00000,0x00000028cdd00000)]
  0x00000186c53e0800 JavaThread "jar transforms Thread 80" [_thread_blocked, id=8428, stack(0x00000028cdd00000,0x00000028cde00000)]
  0x00000186c53dc800 JavaThread "jar transforms Thread 81" [_thread_blocked, id=1616, stack(0x00000028cde00000,0x00000028cdf00000)]
  0x00000186c53dc000 JavaThread "jar transforms Thread 82" [_thread_blocked, id=1352, stack(0x00000028cdf00000,0x00000028ce000000)]
  0x00000186c53e2800 JavaThread "jar transforms Thread 83" [_thread_blocked, id=1572, stack(0x00000028ce000000,0x00000028ce100000)]
  0x00000186c53dd800 JavaThread "jar transforms Thread 84" [_thread_blocked, id=9220, stack(0x00000028ce100000,0x00000028ce200000)]
  0x00000186c53de000 JavaThread "jar transforms Thread 85" [_thread_blocked, id=2116, stack(0x00000028ce200000,0x00000028ce300000)]
  0x00000186c53e0000 JavaThread "jar transforms Thread 86" [_thread_blocked, id=6056, stack(0x00000028ce300000,0x00000028ce400000)]
  0x00000186c53e3000 JavaThread "jar transforms Thread 87" [_thread_blocked, id=13308, stack(0x00000028ce400000,0x00000028ce500000)]
  0x00000186c53e4800 JavaThread "jar transforms Thread 88" [_thread_blocked, id=7112, stack(0x00000028ce500000,0x00000028ce600000)]
  0x00000186c53e4000 JavaThread "jar transforms Thread 89" [_thread_blocked, id=12016, stack(0x00000028ce600000,0x00000028ce700000)]
  0x00000186c53df000 JavaThread "jar transforms Thread 90" [_thread_blocked, id=7120, stack(0x00000028ce700000,0x00000028ce800000)]
  0x00000186c53e6800 JavaThread "jar transforms Thread 91" [_thread_blocked, id=12456, stack(0x00000028ce800000,0x00000028ce900000)]
  0x00000186c53e5800 JavaThread "jar transforms Thread 92" [_thread_blocked, id=11928, stack(0x00000028ce900000,0x00000028cea00000)]
  0x00000186c53e9800 JavaThread "jar transforms Thread 93" [_thread_blocked, id=12720, stack(0x00000028cea00000,0x00000028ceb00000)]
  0x00000186c53e8000 JavaThread "jar transforms Thread 94" [_thread_blocked, id=10576, stack(0x00000028ceb00000,0x00000028cec00000)]
  0x00000186c53e7000 JavaThread "jar transforms Thread 95" [_thread_blocked, id=11572, stack(0x00000028cec00000,0x00000028ced00000)]
  0x00000186c53e9000 JavaThread "jar transforms Thread 96" [_thread_blocked, id=5104, stack(0x00000028ced00000,0x00000028cee00000)]
  0x00000186c53ea800 JavaThread "jar transforms Thread 97" [_thread_blocked, id=812, stack(0x00000028cee00000,0x00000028cef00000)]
  0x00000186c7728000 JavaThread "jar transforms Thread 98" [_thread_blocked, id=10544, stack(0x00000028cef00000,0x00000028cf000000)]
  0x00000186c7725800 JavaThread "jar transforms Thread 99" [_thread_blocked, id=11160, stack(0x00000028cf000000,0x00000028cf100000)]
  0x00000186c7722800 JavaThread "Memory manager" [_thread_blocked, id=2976, stack(0x00000028cf100000,0x00000028cf200000)]
  0x00000186c7729000 JavaThread "build event listener" [_thread_blocked, id=11832, stack(0x00000028cf200000,0x00000028cf300000)]
  0x00000186c7726800 JavaThread "build event listener" [_thread_blocked, id=14244, stack(0x00000028cf300000,0x00000028cf400000)]
  0x00000186c7723000 JavaThread "Execution worker for ':'" [_thread_blocked, id=14248, stack(0x00000028cf400000,0x00000028cf500000)]
  0x00000186c7727000 JavaThread "Execution worker for ':' Thread 2" [_thread_blocked, id=14268, stack(0x00000028cf500000,0x00000028cf600000)]
  0x00000186c7729800 JavaThread "Execution worker for ':' Thread 3" [_thread_blocked, id=14240, stack(0x00000028cf600000,0x00000028cf700000)]
  0x00000186c7724000 JavaThread "Cache worker for execution history cache (D:\Users\Masha Otaku\AndroidStudioProjects\Mobile_App\.gradle\6.7.1\executionHistory)" [_thread_blocked, id=14272, stack(0x00000028cf700000,0x00000028cf800000)]
  0x00000186c7724800 JavaThread "pool-4-thread-1" [_thread_blocked, id=13788, stack(0x00000028cf800000,0x00000028cf900000)]
  0x00000186c772d000 JavaThread "stderr" [_thread_in_native, id=14052, stack(0x00000028cf900000,0x00000028cfa00000)]
  0x00000186c772c000 JavaThread "stdout" [_thread_in_native, id=14060, stack(0x00000028cfa00000,0x00000028cfb00000)]

Other Threads:
  0x00000186c478b800 VMThread "VM Thread" [stack: 0x00000028c6500000,0x00000028c6600000] [id=2728]
  0x00000186c52b8800 WatcherThread [stack: 0x00000028c6f00000,0x00000028c7000000] [id=12676]
  0x00000186aad46800 GCTaskThread "GC Thread#0" [stack: 0x00000028c6000000,0x00000028c6100000] [id=12808]
  0x00000186c5945800 GCTaskThread "GC Thread#1" [stack: 0x00000028c7100000,0x00000028c7200000] [id=13608]
  0x00000186c6ba7000 GCTaskThread "GC Thread#2" [stack: 0x00000028c7e00000,0x00000028c7f00000] [id=13720]
  0x00000186c6a8a800 GCTaskThread "GC Thread#3" [stack: 0x00000028c7f00000,0x00000028c8000000] [id=1084]
  0x00000186aad77000 ConcurrentGCThread "G1 Main Marker" [stack: 0x00000028c6100000,0x00000028c6200000] [id=11072]
  0x00000186aad79800 ConcurrentGCThread "G1 Conc#0" [stack: 0x00000028c6200000,0x00000028c6300000] [id=8692]
  0x00000186aae06800 ConcurrentGCThread "G1 Refine#0" [stack: 0x00000028c6300000,0x00000028c6400000] [id=2944]
  0x00000186aae09800 ConcurrentGCThread "G1 Young RemSet Sampling" [stack: 0x00000028c6400000,0x00000028c6500000] [id=1424]

Threads with active compile tasks:
C2 CompilerThread0  18096 9991       4       org.gradle.internal.fingerprint.classpath.impl.ClasspathFingerprintingStrategy$ClasspathFingerprintVisitor::visit (61 bytes)

VM state:not at safepoint (normal execution)

VM Mutex/Monitor currently owned by a thread: None

Heap address: 0x0000000080000000, size: 2048 MB, Compressed Oops mode: 32-bit
Narrow klass base: 0x0000000000000000, Narrow klass shift: 3
Compressed class space size: 1073741824 Address: 0x0000000100000000

Heap:
 garbage-first heap   total 220160K, used 98881K [0x0000000080000000, 0x0000000100000000)
  region size 1024K, 45 young (46080K), 11 survivors (11264K)
 Metaspace       used 79624K, capacity 81732K, committed 81868K, reserved 1120256K
  class space    used 10203K, capacity 10891K, committed 11008K, reserved 1048576K
Heap Regions: E=young(eden), S=young(survivor), O=old, HS=humongous(starts), HC=humongous(continues), CS=collection set, F=free, A=archive, TAMS=top-at-mark-start (previous, next)
|   0|0x0000000080000000, 0x0000000080100000, 0x0000000080100000|100%| O|  |TAMS 0x0000000080100000, 0x0000000080000000| Untracked 
|   1|0x0000000080100000, 0x0000000080200000, 0x0000000080200000|100%| O|  |TAMS 0x0000000080200000, 0x0000000080100000| Untracked 
|   2|0x0000000080200000, 0x0000000080300000, 0x0000000080300000|100%| O|  |TAMS 0x0000000080300000, 0x0000000080200000| Untracked 
|   3|0x0000000080300000, 0x0000000080400000, 0x0000000080400000|100%|HS|  |TAMS 0x0000000080400000, 0x0000000080300000| Complete 
|   4|0x0000000080400000, 0x0000000080500000, 0x0000000080500000|100%|HC|  |TAMS 0x0000000080500000, 0x0000000080400000| Complete 
|   5|0x0000000080500000, 0x0000000080600000, 0x0000000080600000|100%|HC|  |TAMS 0x0000000080600000, 0x0000000080500000| Complete 
|   6|0x0000000080600000, 0x0000000080700000, 0x0000000080700000|100%| O|  |TAMS 0x0000000080700000, 0x0000000080600000| Untracked 
|   7|0x0000000080700000, 0x0000000080800000, 0x0000000080800000|100%| O|  |TAMS 0x0000000080800000, 0x0000000080700000| Untracked 
|   8|0x0000000080800000, 0x0000000080900000, 0x0000000080900000|100%| O|  |TAMS 0x0000000080900000, 0x0000000080800000| Untracked 
|   9|0x0000000080900000, 0x0000000080a00000, 0x0000000080a00000|100%| O|  |TAMS 0x0000000080a00000, 0x0000000080900000| Untracked 
|  10|0x0000000080a00000, 0x0000000080b00000, 0x0000000080b00000|100%| O|  |TAMS 0x0000000080b00000, 0x0000000080a00000| Untracked 
|  11|0x0000000080b00000, 0x0000000080c00000, 0x0000000080c00000|100%| O|  |TAMS 0x0000000080c00000, 0x0000000080b00000| Untracked 
|  12|0x0000000080c00000, 0x0000000080d00000, 0x0000000080d00000|100%|HS|  |TAMS 0x0000000080d00000, 0x0000000080c00000| Complete 
|  13|0x0000000080d00000, 0x0000000080e00000, 0x0000000080e00000|100%|HS|  |TAMS 0x0000000080e00000, 0x0000000080d00000| Complete 
|  14|0x0000000080e00000, 0x0000000080f00000, 0x0000000080f00000|100%|HC|  |TAMS 0x0000000080f00000, 0x0000000080e00000| Complete 
|  15|0x0000000080f00000, 0x0000000081000000, 0x0000000081000000|100%| O|  |TAMS 0x0000000081000000, 0x0000000080f00000| Untracked 
|  16|0x0000000081000000, 0x0000000081100000, 0x0000000081100000|100%| O|  |TAMS 0x0000000081100000, 0x0000000081000000| Untracked 
|  17|0x0000000081100000, 0x0000000081200000, 0x0000000081200000|100%| O|  |TAMS 0x0000000081200000, 0x0000000081100000| Untracked 
|  18|0x0000000081200000, 0x0000000081300000, 0x0000000081300000|100%| O|  |TAMS 0x0000000081300000, 0x0000000081200000| Untracked 
|  19|0x0000000081300000, 0x0000000081400000, 0x0000000081400000|100%| O|  |TAMS 0x0000000081400000, 0x0000000081300000| Untracked 
|  20|0x0000000081400000, 0x0000000081500000, 0x0000000081500000|100%| O|  |TAMS 0x0000000081500000, 0x0000000081400000| Untracked 
|  21|0x0000000081500000, 0x0000000081600000, 0x0000000081600000|100%| O|  |TAMS 0x0000000081600000, 0x0000000081500000| Untracked 
|  22|0x0000000081600000, 0x0000000081700000, 0x0000000081700000|100%| O|  |TAMS 0x0000000081700000, 0x0000000081600000| Untracked 
|  23|0x0000000081700000, 0x0000000081800000, 0x0000000081800000|100%| O|  |TAMS 0x0000000081800000, 0x0000000081700000| Untracked 
|  24|0x0000000081800000, 0x0000000081900000, 0x0000000081900000|100%| O|  |TAMS 0x0000000081900000, 0x0000000081800000| Untracked 
|  25|0x0000000081900000, 0x0000000081a00000, 0x0000000081a00000|100%| O|  |TAMS 0x0000000081a00000, 0x0000000081900000| Untracked 
|  26|0x0000000081a00000, 0x0000000081b00000, 0x0000000081b00000|100%| O|  |TAMS 0x0000000081b00000, 0x0000000081a00000| Untracked 
|  27|0x0000000081b00000, 0x0000000081c00000, 0x0000000081c00000|100%| O|  |TAMS 0x0000000081c00000, 0x0000000081b00000| Untracked 
|  28|0x0000000081c00000, 0x0000000081d00000, 0x0000000081d00000|100%| O|  |TAMS 0x0000000081d00000, 0x0000000081c00000| Untracked 
|  29|0x0000000081d00000, 0x0000000081e00000, 0x0000000081e00000|100%| O|  |TAMS 0x0000000081e00000, 0x0000000081d00000| Untracked 
|  30|0x0000000081e00000, 0x0000000081f00000, 0x0000000081f00000|100%| O|  |TAMS 0x0000000081f00000, 0x0000000081e00000| Untracked 
|  31|0x0000000081f00000, 0x0000000082000000, 0x0000000082000000|100%| O|  |TAMS 0x0000000082000000, 0x0000000081f00000| Untracked 
|  32|0x0000000082000000, 0x0000000082100000, 0x0000000082100000|100%| O|  |TAMS 0x0000000082100000, 0x0000000082000000| Untracked 
|  33|0x0000000082100000, 0x0000000082200000, 0x0000000082200000|100%| O|  |TAMS 0x0000000082200000, 0x0000000082100000| Untracked 
|  34|0x0000000082200000, 0x0000000082300000, 0x0000000082300000|100%| O|  |TAMS 0x0000000082300000, 0x0000000082200000| Untracked 
|  35|0x0000000082300000, 0x0000000082400000, 0x0000000082400000|100%| O|  |TAMS 0x0000000082400000, 0x0000000082300000| Untracked 
|  36|0x0000000082400000, 0x0000000082500000, 0x0000000082500000|100%| O|  |TAMS 0x0000000082400000, 0x0000000082400000| Untracked 
|  37|0x0000000082500000, 0x0000000082600000, 0x0000000082600000|100%| O|  |TAMS 0x0000000082500000, 0x0000000082500000| Untracked 
|  38|0x0000000082600000, 0x0000000082700000, 0x0000000082700000|100%| O|  |TAMS 0x0000000082600000, 0x0000000082600000| Untracked 
|  39|0x0000000082700000, 0x0000000082800000, 0x0000000082800000|100%| O|  |TAMS 0x0000000082700000, 0x0000000082700000| Untracked 
|  40|0x0000000082800000, 0x0000000082900000, 0x0000000082900000|100%| O|  |TAMS 0x0000000082800000, 0x0000000082800000| Untracked 
|  41|0x0000000082900000, 0x0000000082a00000, 0x0000000082a00000|100%| O|  |TAMS 0x0000000082900000, 0x0000000082900000| Untracked 
|  42|0x0000000082a00000, 0x0000000082b00000, 0x0000000082b00000|100%| O|  |TAMS 0x0000000082a00000, 0x0000000082a00000| Untracked 
|  43|0x0000000082b00000, 0x0000000082c00000, 0x0000000082c00000|100%| O|  |TAMS 0x0000000082b00000, 0x0000000082b00000| Untracked 
|  44|0x0000000082c00000, 0x0000000082d00000, 0x0000000082d00000|100%| O|  |TAMS 0x0000000082c00000, 0x0000000082c00000| Untracked 
|  45|0x0000000082d00000, 0x0000000082e00000, 0x0000000082e00000|100%| O|  |TAMS 0x0000000082d00000, 0x0000000082d00000| Untracked 
|  46|0x0000000082e00000, 0x0000000082f00000, 0x0000000082f00000|100%| O|  |TAMS 0x0000000082e00000, 0x0000000082e00000| Untracked 
|  47|0x0000000082f00000, 0x0000000083000000, 0x0000000083000000|100%| O|  |TAMS 0x0000000082f00000, 0x0000000082f00000| Untracked 
|  48|0x0000000083000000, 0x0000000083100000, 0x0000000083100000|100%| O|  |TAMS 0x0000000083000000, 0x0000000083000000| Untracked 
|  49|0x0000000083100000, 0x0000000083200000, 0x0000000083200000|100%| O|  |TAMS 0x0000000083100000, 0x0000000083100000| Untracked 
|  50|0x0000000083200000, 0x0000000083300000, 0x0000000083300000|100%| O|  |TAMS 0x0000000083200000, 0x0000000083200000| Untracked 
|  51|0x0000000083300000, 0x0000000083400000, 0x0000000083400000|100%| O|  |TAMS 0x0000000083300000, 0x0000000083300000| Untracked 
|  52|0x0000000083400000, 0x0000000083500000, 0x0000000083500000|100%| O|  |TAMS 0x0000000083400000, 0x0000000083400000| Untracked 
|  53|0x0000000083500000, 0x0000000083590400, 0x0000000083600000| 56%| O|  |TAMS 0x0000000083500000, 0x0000000083500000| Untracked 
|  54|0x0000000083600000, 0x0000000083600000, 0x0000000083700000|  0%| F|  |TAMS 0x0000000083600000, 0x0000000083600000| Untracked 
|  55|0x0000000083700000, 0x0000000083700000, 0x0000000083800000|  0%| F|  |TAMS 0x0000000083700000, 0x0000000083700000| Untracked 
|  56|0x0000000083800000, 0x0000000083800000, 0x0000000083900000|  0%| F|  |TAMS 0x0000000083800000, 0x0000000083800000| Untracked 
|  57|0x0000000083900000, 0x0000000083900000, 0x0000000083a00000|  0%| F|  |TAMS 0x0000000083900000, 0x0000000083900000| Untracked 
|  58|0x0000000083a00000, 0x0000000083a00000, 0x0000000083b00000|  0%| F|  |TAMS 0x0000000083a00000, 0x0000000083a00000| Untracked 
|  59|0x0000000083b00000, 0x0000000083b00000, 0x0000000083c00000|  0%| F|  |TAMS 0x0000000083b00000, 0x0000000083b00000| Untracked 
|  60|0x0000000083c00000, 0x0000000083c00000, 0x0000000083d00000|  0%| F|  |TAMS 0x0000000083c00000, 0x0000000083c00000| Untracked 
|  61|0x0000000083d00000, 0x0000000083d00000, 0x0000000083e00000|  0%| F|  |TAMS 0x0000000083d00000, 0x0000000083d00000| Untracked 
|  62|0x0000000083e00000, 0x0000000083e00000, 0x0000000083f00000|  0%| F|  |TAMS 0x0000000083e00000, 0x0000000083e00000| Untracked 
|  63|0x0000000083f00000, 0x0000000083f00000, 0x0000000084000000|  0%| F|  |TAMS 0x0000000083f00000, 0x0000000083f00000| Untracked 
|  64|0x0000000084000000, 0x0000000084000000, 0x0000000084100000|  0%| F|  |TAMS 0x0000000084000000, 0x0000000084000000| Untracked 
|  65|0x0000000084100000, 0x0000000084100000, 0x0000000084200000|  0%| F|  |TAMS 0x0000000084100000, 0x0000000084100000| Untracked 
|  66|0x0000000084200000, 0x0000000084200000, 0x0000000084300000|  0%| F|  |TAMS 0x0000000084200000, 0x0000000084200000| Untracked 
|  67|0x0000000084300000, 0x0000000084300000, 0x0000000084400000|  0%| F|  |TAMS 0x0000000084300000, 0x0000000084300000| Untracked 
|  68|0x0000000084400000, 0x0000000084400000, 0x0000000084500000|  0%| F|  |TAMS 0x0000000084400000, 0x0000000084400000| Untracked 
|  69|0x0000000084500000, 0x0000000084500000, 0x0000000084600000|  0%| F|  |TAMS 0x0000000084500000, 0x0000000084500000| Untracked 
|  70|0x0000000084600000, 0x0000000084600000, 0x0000000084700000|  0%| F|  |TAMS 0x0000000084600000, 0x0000000084600000| Untracked 
|  71|0x0000000084700000, 0x0000000084700000, 0x0000000084800000|  0%| F|  |TAMS 0x0000000084700000, 0x0000000084700000| Untracked 
|  72|0x0000000084800000, 0x0000000084800000, 0x0000000084900000|  0%| F|  |TAMS 0x0000000084800000, 0x0000000084800000| Untracked 
|  73|0x0000000084900000, 0x0000000084900000, 0x0000000084a00000|  0%| F|  |TAMS 0x0000000084900000, 0x0000000084900000| Untracked 
|  74|0x0000000084a00000, 0x0000000084a00000, 0x0000000084b00000|  0%| F|  |TAMS 0x0000000084a00000, 0x0000000084a00000| Untracked 
|  75|0x0000000084b00000, 0x0000000084b00000, 0x0000000084c00000|  0%| F|  |TAMS 0x0000000084b00000, 0x0000000084b00000| Untracked 
|  76|0x0000000084c00000, 0x0000000084c00000, 0x0000000084d00000|  0%| F|  |TAMS 0x0000000084c00000, 0x0000000084c00000| Untracked 
|  77|0x0000000084d00000, 0x0000000084d00000, 0x0000000084e00000|  0%| F|  |TAMS 0x0000000084d00000, 0x0000000084d00000| Untracked 
|  78|0x0000000084e00000, 0x0000000084e00000, 0x0000000084f00000|  0%| F|  |TAMS 0x0000000084e00000, 0x0000000084e00000| Untracked 
|  79|0x0000000084f00000, 0x0000000084f00000, 0x0000000085000000|  0%| F|  |TAMS 0x0000000084f00000, 0x0000000084f00000| Untracked 
|  80|0x0000000085000000, 0x0000000085000000, 0x0000000085100000|  0%| F|  |TAMS 0x0000000085000000, 0x0000000085000000| Untracked 
|  81|0x0000000085100000, 0x0000000085100000, 0x0000000085200000|  0%| F|  |TAMS 0x0000000085100000, 0x0000000085100000| Untracked 
|  82|0x0000000085200000, 0x0000000085200000, 0x0000000085300000|  0%| F|  |TAMS 0x0000000085200000, 0x0000000085200000| Untracked 
|  83|0x0000000085300000, 0x0000000085300000, 0x0000000085400000|  0%| F|  |TAMS 0x0000000085300000, 0x0000000085300000| Untracked 
|  84|0x0000000085400000, 0x0000000085400000, 0x0000000085500000|  0%| F|  |TAMS 0x0000000085400000, 0x0000000085400000| Untracked 
|  85|0x0000000085500000, 0x0000000085500000, 0x0000000085600000|  0%| F|  |TAMS 0x0000000085500000, 0x0000000085500000| Untracked 
|  86|0x0000000085600000, 0x0000000085600000, 0x0000000085700000|  0%| F|  |TAMS 0x0000000085600000, 0x0000000085600000| Untracked 
|  87|0x0000000085700000, 0x0000000085700000, 0x0000000085800000|  0%| F|  |TAMS 0x0000000085700000, 0x0000000085700000| Untracked 
|  88|0x0000000085800000, 0x0000000085800000, 0x0000000085900000|  0%| F|  |TAMS 0x0000000085800000, 0x0000000085800000| Untracked 
|  89|0x0000000085900000, 0x0000000085900000, 0x0000000085a00000|  0%| F|  |TAMS 0x0000000085900000, 0x0000000085900000| Untracked 
|  90|0x0000000085a00000, 0x0000000085a00000, 0x0000000085b00000|  0%| F|  |TAMS 0x0000000085a00000, 0x0000000085a00000| Untracked 
|  91|0x0000000085b00000, 0x0000000085b00000, 0x0000000085c00000|  0%| F|  |TAMS 0x0000000085b00000, 0x0000000085b00000| Untracked 
|  92|0x0000000085c00000, 0x0000000085c00000, 0x0000000085d00000|  0%| F|  |TAMS 0x0000000085c00000, 0x0000000085c00000| Untracked 
|  93|0x0000000085d00000, 0x0000000085d00000, 0x0000000085e00000|  0%| F|  |TAMS 0x0000000085d00000, 0x0000000085d00000| Untracked 
|  94|0x0000000085e00000, 0x0000000085e00000, 0x0000000085f00000|  0%| F|  |TAMS 0x0000000085e00000, 0x0000000085e00000| Untracked 
|  95|0x0000000085f00000, 0x0000000085f00000, 0x0000000086000000|  0%| F|  |TAMS 0x0000000085f00000, 0x0000000085f00000| Untracked 
|  96|0x0000000086000000, 0x0000000086000000, 0x0000000086100000|  0%| F|  |TAMS 0x0000000086000000, 0x0000000086000000| Untracked 
|  97|0x0000000086100000, 0x0000000086100000, 0x0000000086200000|  0%| F|  |TAMS 0x0000000086100000, 0x0000000086100000| Untracked 
|  98|0x0000000086200000, 0x0000000086200000, 0x0000000086300000|  0%| F|  |TAMS 0x0000000086200000, 0x0000000086200000| Untracked 
|  99|0x0000000086300000, 0x0000000086300000, 0x0000000086400000|  0%| F|  |TAMS 0x0000000086300000, 0x0000000086300000| Untracked 
| 100|0x0000000086400000, 0x0000000086400000, 0x0000000086500000|  0%| F|  |TAMS 0x0000000086400000, 0x0000000086400000| Untracked 
| 101|0x0000000086500000, 0x0000000086500000, 0x0000000086600000|  0%| F|  |TAMS 0x0000000086500000, 0x0000000086500000| Untracked 
| 102|0x0000000086600000, 0x0000000086700000, 0x0000000086700000|100%| S|CS|TAMS 0x0000000086600000, 0x0000000086600000| Complete 
| 103|0x0000000086700000, 0x0000000086800000, 0x0000000086800000|100%| S|CS|TAMS 0x0000000086700000, 0x0000000086700000| Complete 
| 104|0x0000000086800000, 0x0000000086900000, 0x0000000086900000|100%| S|CS|TAMS 0x0000000086800000, 0x0000000086800000| Complete 
| 105|0x0000000086900000, 0x0000000086a00000, 0x0000000086a00000|100%| S|CS|TAMS 0x0000000086900000, 0x0000000086900000| Complete 
| 106|0x0000000086a00000, 0x0000000086b00000, 0x0000000086b00000|100%| S|CS|TAMS 0x0000000086a00000, 0x0000000086a00000| Complete 
| 107|0x0000000086b00000, 0x0000000086c00000, 0x0000000086c00000|100%| S|CS|TAMS 0x0000000086b00000, 0x0000000086b00000| Complete 
| 108|0x0000000086c00000, 0x0000000086d00000, 0x0000000086d00000|100%| S|CS|TAMS 0x0000000086c00000, 0x0000000086c00000| Complete 
| 109|0x0000000086d00000, 0x0000000086e00000, 0x0000000086e00000|100%| S|CS|TAMS 0x0000000086d00000, 0x0000000086d00000| Complete 
| 110|0x0000000086e00000, 0x0000000086f00000, 0x0000000086f00000|100%| S|CS|TAMS 0x0000000086e00000, 0x0000000086e00000| Complete 
| 111|0x0000000086f00000, 0x0000000087000000, 0x0000000087000000|100%| S|CS|TAMS 0x0000000086f00000, 0x0000000086f00000| Complete 
| 112|0x0000000087000000, 0x0000000087100000, 0x0000000087100000|100%| S|CS|TAMS 0x0000000087000000, 0x0000000087000000| Complete 
| 113|0x0000000087100000, 0x0000000087100000, 0x0000000087200000|  0%| F|  |TAMS 0x0000000087100000, 0x0000000087100000| Untracked 
| 114|0x0000000087200000, 0x0000000087200000, 0x0000000087300000|  0%| F|  |TAMS 0x0000000087200000, 0x0000000087200000| Untracked 
| 115|0x0000000087300000, 0x0000000087300000, 0x0000000087400000|  0%| F|  |TAMS 0x0000000087300000, 0x0000000087300000| Untracked 
| 116|0x0000000087400000, 0x0000000087400000, 0x0000000087500000|  0%| F|  |TAMS 0x0000000087400000, 0x0000000087400000| Untracked 
| 117|0x0000000087500000, 0x0000000087500000, 0x0000000087600000|  0%| F|  |TAMS 0x0000000087500000, 0x0000000087500000| Untracked 
| 118|0x0000000087600000, 0x0000000087600000, 0x0000000087700000|  0%| F|  |TAMS 0x0000000087600000, 0x0000000087600000| Untracked 
| 119|0x0000000087700000, 0x0000000087700000, 0x0000000087800000|  0%| F|  |TAMS 0x0000000087700000, 0x0000000087700000| Untracked 
| 120|0x0000000087800000, 0x0000000087800000, 0x0000000087900000|  0%| F|  |TAMS 0x0000000087800000, 0x0000000087800000| Untracked 
| 121|0x0000000087900000, 0x0000000087900000, 0x0000000087a00000|  0%| F|  |TAMS 0x0000000087900000, 0x0000000087900000| Untracked 
| 122|0x0000000087a00000, 0x0000000087a00000, 0x0000000087b00000|  0%| F|  |TAMS 0x0000000087a00000, 0x0000000087a00000| Untracked 
| 123|0x0000000087b00000, 0x0000000087b00000, 0x0000000087c00000|  0%| F|  |TAMS 0x0000000087b00000, 0x0000000087b00000| Untracked 
| 124|0x0000000087c00000, 0x0000000087c00000, 0x0000000087d00000|  0%| F|  |TAMS 0x0000000087c00000, 0x0000000087c00000| Untracked 
| 125|0x0000000087d00000, 0x0000000087d00000, 0x0000000087e00000|  0%| F|  |TAMS 0x0000000087d00000, 0x0000000087d00000| Untracked 
| 126|0x0000000087e00000, 0x0000000087e00000, 0x0000000087f00000|  0%| F|  |TAMS 0x0000000087e00000, 0x0000000087e00000| Untracked 
| 127|0x0000000087f00000, 0x0000000087f00000, 0x0000000088000000|  0%| F|  |TAMS 0x0000000087f00000, 0x0000000087f00000| Untracked 
| 128|0x0000000088000000, 0x0000000088000000, 0x0000000088100000|  0%| F|  |TAMS 0x0000000088000000, 0x0000000088000000| Untracked 
| 129|0x0000000088100000, 0x0000000088100000, 0x0000000088200000|  0%| F|  |TAMS 0x0000000088100000, 0x0000000088100000| Untracked 
| 130|0x0000000088200000, 0x0000000088200000, 0x0000000088300000|  0%| F|  |TAMS 0x0000000088200000, 0x0000000088200000| Untracked 
| 131|0x0000000088300000, 0x0000000088300000, 0x0000000088400000|  0%| F|  |TAMS 0x0000000088300000, 0x0000000088300000| Untracked 
| 132|0x0000000088400000, 0x0000000088400000, 0x0000000088500000|  0%| F|  |TAMS 0x0000000088400000, 0x0000000088400000| Untracked 
| 133|0x0000000088500000, 0x0000000088500000, 0x0000000088600000|  0%| F|  |TAMS 0x0000000088500000, 0x0000000088500000| Untracked 
| 134|0x0000000088600000, 0x0000000088600000, 0x0000000088700000|  0%| F|  |TAMS 0x0000000088600000, 0x0000000088600000| Untracked 
| 135|0x0000000088700000, 0x0000000088700000, 0x0000000088800000|  0%| F|  |TAMS 0x0000000088700000, 0x0000000088700000| Untracked 
| 136|0x0000000088800000, 0x0000000088800000, 0x0000000088900000|  0%| F|  |TAMS 0x0000000088800000, 0x0000000088800000| Untracked 
| 137|0x0000000088900000, 0x0000000088900000, 0x0000000088a00000|  0%| F|  |TAMS 0x0000000088900000, 0x0000000088900000| Untracked 
| 138|0x0000000088a00000, 0x0000000088a00000, 0x0000000088b00000|  0%| F|  |TAMS 0x0000000088a00000, 0x0000000088a00000| Untracked 
| 139|0x0000000088b00000, 0x0000000088b00000, 0x0000000088c00000|  0%| F|  |TAMS 0x0000000088b00000, 0x0000000088b00000| Untracked 
| 140|0x0000000088c00000, 0x0000000088c00000, 0x0000000088d00000|  0%| F|  |TAMS 0x0000000088c00000, 0x0000000088c00000| Untracked 
| 141|0x0000000088d00000, 0x0000000088d00000, 0x0000000088e00000|  0%| F|  |TAMS 0x0000000088d00000, 0x0000000088d00000| Untracked 
| 142|0x0000000088e00000, 0x0000000088e00000, 0x0000000088f00000|  0%| F|  |TAMS 0x0000000088e00000, 0x0000000088e00000| Untracked 
| 143|0x0000000088f00000, 0x0000000088f00000, 0x0000000089000000|  0%| F|  |TAMS 0x0000000088f00000, 0x0000000088f00000| Untracked 
| 144|0x0000000089000000, 0x0000000089000000, 0x0000000089100000|  0%| F|  |TAMS 0x0000000089000000, 0x0000000089000000| Untracked 
| 145|0x0000000089100000, 0x0000000089100000, 0x0000000089200000|  0%| F|  |TAMS 0x0000000089100000, 0x0000000089100000| Untracked 
| 146|0x0000000089200000, 0x0000000089200000, 0x0000000089300000|  0%| F|  |TAMS 0x0000000089200000, 0x0000000089200000| Untracked 
| 147|0x0000000089300000, 0x0000000089300000, 0x0000000089400000|  0%| F|  |TAMS 0x0000000089300000, 0x0000000089300000| Untracked 
| 148|0x0000000089400000, 0x0000000089400000, 0x0000000089500000|  0%| F|  |TAMS 0x0000000089400000, 0x0000000089400000| Untracked 
| 149|0x0000000089500000, 0x0000000089500000, 0x0000000089600000|  0%| F|  |TAMS 0x0000000089500000, 0x0000000089500000| Untracked 
| 150|0x0000000089600000, 0x0000000089600000, 0x0000000089700000|  0%| F|  |TAMS 0x0000000089600000, 0x0000000089600000| Untracked 
| 151|0x0000000089700000, 0x0000000089700000, 0x0000000089800000|  0%| F|  |TAMS 0x0000000089700000, 0x0000000089700000| Untracked 
| 152|0x0000000089800000, 0x0000000089800000, 0x0000000089900000|  0%| F|  |TAMS 0x0000000089800000, 0x0000000089800000| Untracked 
| 153|0x0000000089900000, 0x0000000089900000, 0x0000000089a00000|  0%| F|  |TAMS 0x0000000089900000, 0x0000000089900000| Untracked 
| 154|0x0000000089a00000, 0x0000000089a00000, 0x0000000089b00000|  0%| F|  |TAMS 0x0000000089a00000, 0x0000000089a00000| Untracked 
| 155|0x0000000089b00000, 0x0000000089b00000, 0x0000000089c00000|  0%| F|  |TAMS 0x0000000089b00000, 0x0000000089b00000| Untracked 
| 156|0x0000000089c00000, 0x0000000089c00000, 0x0000000089d00000|  0%| F|  |TAMS 0x0000000089c00000, 0x0000000089c00000| Untracked 
| 157|0x0000000089d00000, 0x0000000089d00000, 0x0000000089e00000|  0%| F|  |TAMS 0x0000000089d00000, 0x0000000089d00000| Untracked 
| 158|0x0000000089e00000, 0x0000000089e00000, 0x0000000089f00000|  0%| F|  |TAMS 0x0000000089e00000, 0x0000000089e00000| Untracked 
| 159|0x0000000089f00000, 0x0000000089f00000, 0x000000008a000000|  0%| F|  |TAMS 0x0000000089f00000, 0x0000000089f00000| Untracked 
| 160|0x000000008a000000, 0x000000008a000000, 0x000000008a100000|  0%| F|  |TAMS 0x000000008a000000, 0x000000008a000000| Untracked 
| 161|0x000000008a100000, 0x000000008a100000, 0x000000008a200000|  0%| F|  |TAMS 0x000000008a100000, 0x000000008a100000| Untracked 
| 162|0x000000008a200000, 0x000000008a200000, 0x000000008a300000|  0%| F|  |TAMS 0x000000008a200000, 0x000000008a200000| Untracked 
| 163|0x000000008a300000, 0x000000008a300000, 0x000000008a400000|  0%| F|  |TAMS 0x000000008a300000, 0x000000008a300000| Untracked 
| 164|0x000000008a400000, 0x000000008a400000, 0x000000008a500000|  0%| F|  |TAMS 0x000000008a400000, 0x000000008a400000| Untracked 
| 165|0x000000008a500000, 0x000000008a500000, 0x000000008a600000|  0%| F|  |TAMS 0x000000008a500000, 0x000000008a500000| Untracked 
| 166|0x000000008a600000, 0x000000008a600000, 0x000000008a700000|  0%| F|  |TAMS 0x000000008a600000, 0x000000008a600000| Untracked 
| 167|0x000000008a700000, 0x000000008a700000, 0x000000008a800000|  0%| F|  |TAMS 0x000000008a700000, 0x000000008a700000| Untracked 
| 168|0x000000008a800000, 0x000000008a800000, 0x000000008a900000|  0%| F|  |TAMS 0x000000008a800000, 0x000000008a800000| Untracked 
| 169|0x000000008a900000, 0x000000008a900000, 0x000000008aa00000|  0%| F|  |TAMS 0x000000008a900000, 0x000000008a900000| Untracked 
| 170|0x000000008aa00000, 0x000000008aa00000, 0x000000008ab00000|  0%| F|  |TAMS 0x000000008aa00000, 0x000000008aa00000| Untracked 
| 171|0x000000008ab00000, 0x000000008ab00000, 0x000000008ac00000|  0%| F|  |TAMS 0x000000008ab00000, 0x000000008ab00000| Untracked 
| 172|0x000000008ac00000, 0x000000008ac00000, 0x000000008ad00000|  0%| F|  |TAMS 0x000000008ac00000, 0x000000008ac00000| Untracked 
| 173|0x000000008ad00000, 0x000000008ad00000, 0x000000008ae00000|  0%| F|  |TAMS 0x000000008ad00000, 0x000000008ad00000| Untracked 
| 174|0x000000008ae00000, 0x000000008ae00000, 0x000000008af00000|  0%| F|  |TAMS 0x000000008ae00000, 0x000000008ae00000| Untracked 
| 175|0x000000008af00000, 0x000000008af00000, 0x000000008b000000|  0%| F|  |TAMS 0x000000008af00000, 0x000000008af00000| Untracked 
| 176|0x000000008b000000, 0x000000008b000000, 0x000000008b100000|  0%| F|  |TAMS 0x000000008b000000, 0x000000008b000000| Untracked 
| 177|0x000000008b100000, 0x000000008b100000, 0x000000008b200000|  0%| F|  |TAMS 0x000000008b100000, 0x000000008b100000| Untracked 
| 178|0x000000008b200000, 0x000000008b200000, 0x000000008b300000|  0%| F|  |TAMS 0x000000008b200000, 0x000000008b200000| Untracked 
| 179|0x000000008b300000, 0x000000008b300000, 0x000000008b400000|  0%| F|  |TAMS 0x000000008b300000, 0x000000008b300000| Untracked 
| 180|0x000000008b400000, 0x000000008b400000, 0x000000008b500000|  0%| F|  |TAMS 0x000000008b400000, 0x000000008b400000| Untracked 
| 181|0x000000008b500000, 0x000000008b5715a0, 0x000000008b600000| 44%| E|  |TAMS 0x000000008b500000, 0x000000008b500000| Complete 
| 182|0x000000008b600000, 0x000000008b700000, 0x000000008b700000|100%| E|CS|TAMS 0x000000008b600000, 0x000000008b600000| Complete 
| 183|0x000000008b700000, 0x000000008b800000, 0x000000008b800000|100%| E|CS|TAMS 0x000000008b700000, 0x000000008b700000| Complete 
| 184|0x000000008b800000, 0x000000008b900000, 0x000000008b900000|100%| E|CS|TAMS 0x000000008b800000, 0x000000008b800000| Complete 
| 185|0x000000008b900000, 0x000000008ba00000, 0x000000008ba00000|100%| E|CS|TAMS 0x000000008b900000, 0x000000008b900000| Complete 
| 186|0x000000008ba00000, 0x000000008bb00000, 0x000000008bb00000|100%| E|CS|TAMS 0x000000008ba00000, 0x000000008ba00000| Complete 
| 187|0x000000008bb00000, 0x000000008bc00000, 0x000000008bc00000|100%| E|CS|TAMS 0x000000008bb00000, 0x000000008bb00000| Complete 
| 188|0x000000008bc00000, 0x000000008bd00000, 0x000000008bd00000|100%| E|CS|TAMS 0x000000008bc00000, 0x000000008bc00000| Complete 
| 189|0x000000008bd00000, 0x000000008be00000, 0x000000008be00000|100%| E|CS|TAMS 0x000000008bd00000, 0x000000008bd00000| Complete 
| 190|0x000000008be00000, 0x000000008bf00000, 0x000000008bf00000|100%| E|CS|TAMS 0x000000008be00000, 0x000000008be00000| Complete 
| 191|0x000000008bf00000, 0x000000008c000000, 0x000000008c000000|100%| E|CS|TAMS 0x000000008bf00000, 0x000000008bf00000| Complete 
| 192|0x000000008c000000, 0x000000008c100000, 0x000000008c100000|100%| E|CS|TAMS 0x000000008c000000, 0x000000008c000000| Complete 
| 193|0x000000008c100000, 0x000000008c200000, 0x000000008c200000|100%| E|CS|TAMS 0x000000008c100000, 0x000000008c100000| Complete 
| 194|0x000000008c200000, 0x000000008c300000, 0x000000008c300000|100%| E|CS|TAMS 0x000000008c200000, 0x000000008c200000| Complete 
| 195|0x000000008c300000, 0x000000008c400000, 0x000000008c400000|100%| E|CS|TAMS 0x000000008c300000, 0x000000008c300000| Complete 
| 196|0x000000008c400000, 0x000000008c500000, 0x000000008c500000|100%| E|CS|TAMS 0x000000008c400000, 0x000000008c400000| Complete 
| 197|0x000000008c500000, 0x000000008c600000, 0x000000008c600000|100%| E|CS|TAMS 0x000000008c500000, 0x000000008c500000| Complete 
| 198|0x000000008c600000, 0x000000008c700000, 0x000000008c700000|100%| E|CS|TAMS 0x000000008c600000, 0x000000008c600000| Complete 
| 199|0x000000008c700000, 0x000000008c800000, 0x000000008c800000|100%| E|  |TAMS 0x000000008c700000, 0x000000008c700000| Complete 
| 200|0x000000008c800000, 0x000000008c900000, 0x000000008c900000|100%| E|CS|TAMS 0x000000008c800000, 0x000000008c800000| Complete 
| 201|0x000000008c900000, 0x000000008ca00000, 0x000000008ca00000|100%| E|CS|TAMS 0x000000008c900000, 0x000000008c900000| Complete 
| 202|0x000000008ca00000, 0x000000008cb00000, 0x000000008cb00000|100%| E|CS|TAMS 0x000000008ca00000, 0x000000008ca00000| Complete 
| 203|0x000000008cb00000, 0x000000008cc00000, 0x000000008cc00000|100%| E|CS|TAMS 0x000000008cb00000, 0x000000008cb00000| Complete 
| 204|0x000000008cc00000, 0x000000008cd00000, 0x000000008cd00000|100%| E|CS|TAMS 0x000000008cc00000, 0x000000008cc00000| Complete 
| 205|0x000000008cd00000, 0x000000008ce00000, 0x000000008ce00000|100%| E|CS|TAMS 0x000000008cd00000, 0x000000008cd00000| Complete 
| 206|0x000000008ce00000, 0x000000008cf00000, 0x000000008cf00000|100%| E|CS|TAMS 0x000000008ce00000, 0x000000008ce00000| Complete 
| 207|0x000000008cf00000, 0x000000008d000000, 0x000000008d000000|100%| E|CS|TAMS 0x000000008cf00000, 0x000000008cf00000| Complete 
| 208|0x000000008d000000, 0x000000008d100000, 0x000000008d100000|100%| E|CS|TAMS 0x000000008d000000, 0x000000008d000000| Complete 
| 209|0x000000008d100000, 0x000000008d200000, 0x000000008d200000|100%| E|CS|TAMS 0x000000008d100000, 0x000000008d100000| Complete 
| 210|0x000000008d200000, 0x000000008d300000, 0x000000008d300000|100%| E|CS|TAMS 0x000000008d200000, 0x000000008d200000| Complete 
| 211|0x000000008d300000, 0x000000008d400000, 0x000000008d400000|100%| E|CS|TAMS 0x000000008d300000, 0x000000008d300000| Complete 
| 212|0x000000008d400000, 0x000000008d500000, 0x000000008d500000|100%| E|CS|TAMS 0x000000008d400000, 0x000000008d400000| Complete 
| 213|0x000000008d500000, 0x000000008d600000, 0x000000008d600000|100%| E|CS|TAMS 0x000000008d500000, 0x000000008d500000| Complete 
| 214|0x000000008d600000, 0x000000008d700000, 0x000000008d700000|100%| E|CS|TAMS 0x000000008d600000, 0x000000008d600000| Complete 

Card table byte_map: [0x00000186bdab0000,0x00000186bdeb0000] _byte_map_base: 0x00000186bd6b0000

Marking Bits (Prev, Next): (CMBitMap*) 0x00000186aad6e350, (CMBitMap*) 0x00000186aad6e318
 Prev Bits: [0x00000186c02b0000, 0x00000186c22b0000)
 Next Bits: [0x00000186be2b0000, 0x00000186c02b0000)

Polling page: 0x00000186a8bd0000

Metaspace:

Usage:
  Non-class:     69.18 MB capacity,    67.85 MB ( 98%) used,     1.14 MB (  2%) free+waste,   205.75 KB ( <1%) overhead. 
      Class:     10.64 MB capacity,     9.97 MB ( 94%) used,   584.81 KB (  5%) free+waste,    92.94 KB ( <1%) overhead. 
       Both:     79.82 MB capacity,    77.82 MB ( 97%) used,     1.71 MB (  2%) free+waste,   298.69 KB ( <1%) overhead. 

Virtual space:
  Non-class space:       70.00 MB reserved,      69.20 MB ( 99%) committed 
      Class space:        1.00 GB reserved,      10.75 MB (  1%) committed 
             Both:        1.07 GB reserved,      79.95 MB (  7%) committed 

Chunk freelists:
   Non-Class:  17.00 KB
       Class:  20.00 KB
        Both:  37.00 KB

MaxMetaspaceSize: 17179869184.00 GB
CompressedClassSpaceSize: 1.00 GB

CodeHeap 'non-profiled nmethods': size=120064Kb used=5527Kb max_used=5527Kb free=114536Kb
 bounds [0x00000186b6170000, 0x00000186b66e0000, 0x00000186bd6b0000]
CodeHeap 'profiled nmethods': size=120000Kb used=21521Kb max_used=21521Kb free=98479Kb
 bounds [0x00000186aec40000, 0x00000186b0150000, 0x00000186b6170000]
CodeHeap 'non-nmethods': size=5696Kb used=2247Kb max_used=2291Kb free=3448Kb
 bounds [0x00000186ae6b0000, 0x00000186ae920000, 0x00000186aec40000]
 total_blobs=10626 nmethods=9778 adapters=760
 compilation: enabled
              stopped_count=0, restarted_count=0
 full_count=0

Compilation events (20 events):
Event: 17.943 Thread 0x00000186c47b9000 9999       3       com.sun.org.apache.xerces.internal.util.NamespaceSupport::containsPrefixInCurrentContext (38 bytes)
Event: 17.944 Thread 0x00000186c47b9000 nmethod 9999 0x00000186b012a210 code [0x00000186b012a3e0, 0x00000186b012a638]
Event: 17.944 Thread 0x00000186c47b9000 10000       3       com.sun.org.apache.xerces.internal.util.ParserConfigurationSettings::setFeature (42 bytes)
Event: 17.945 Thread 0x00000186c47b9000 nmethod 10000 0x00000186b012a790 code [0x00000186b012a9a0, 0x00000186b012ae48]
Event: 17.962 Thread 0x00000186c725e000 10001       4       com.google.common.collect.ImmutableMap::keySet (23 bytes)
Event: 17.968 Thread 0x00000186c725e000 nmethod 10001 0x00000186b66d1010 code [0x00000186b66d11c0, 0x00000186b66d15b8]
Event: 17.968 Thread 0x00000186c725e000 10002       4       org.gradle.cache.internal.btree.KeyHasher$MessageDigestStream::getChecksum (41 bytes)
Event: 17.975 Thread 0x00000186c725e000 nmethod 10002 0x00000186b66d1710 code [0x00000186b66d1900, 0x00000186b66d1dc8]
Event: 17.981 Thread 0x00000186c47b9000 10003       3       com.android.aapt.Resources$XmlNode$Builder::getElement (50 bytes)
Event: 17.981 Thread 0x00000186c47b9000 nmethod 10003 0x00000186b012b010 code [0x00000186b012b220, 0x00000186b012b968]
Event: 17.981 Thread 0x00000186c47b9000 10004       3       com.sun.org.apache.xerces.internal.impl.XMLEntityScanner::scanData (1158 bytes)
Event: 17.985 Thread 0x00000186c47b9000 nmethod 10004 0x00000186b012bb10 code [0x00000186b012bf80, 0x00000186b012e3a8]
Event: 17.985 Thread 0x00000186c47b9000 10005       3       com.android.aapt.Resources$XmlNamespace::getSerializedSize (91 bytes)
Event: 17.988 Thread 0x00000186c47b9000 nmethod 10005 0x00000186b012f310 code [0x00000186b012f880, 0x00000186b01326b8]
Event: 17.988 Thread 0x00000186c47b9000 10006       3       com.android.aapt.Resources$XmlNamespace::getPrefixBytes (32 bytes)
Event: 17.988 Thread 0x00000186c47b9000 nmethod 10006 0x00000186b0133490 code [0x00000186b01336c0, 0x00000186b0134038]
Event: 17.988 Thread 0x00000186c47b9000 10007       3       com.android.aapt.Resources$XmlNamespace::getUriBytes (32 bytes)
Event: 17.989 Thread 0x00000186c47b9000 nmethod 10007 0x00000186b0134310 code [0x00000186b0134540, 0x00000186b0134eb8]
Event: 17.989 Thread 0x00000186c47b9000 10008       3       com.android.aapt.Resources$XmlNamespace::getSource (18 bytes)
Event: 17.989 Thread 0x00000186c47b9000 nmethod 10008 0x00000186b0135190 code [0x00000186b0135340, 0x00000186b01354f8]

GC Heap History (20 events):
Event: 3.956 GC heap before
{Heap before GC invocations=6 (full 0):
 garbage-first heap   total 152576K, used 73715K [0x0000000080000000, 0x0000000100000000)
  region size 1024K, 61 young (62464K), 5 survivors (5120K)
 Metaspace       used 26776K, capacity 27471K, committed 27648K, reserved 1073152K
  class space    used 3520K, capacity 3752K, committed 3840K, reserved 1048576K
}
Event: 3.963 GC heap after
{Heap after GC invocations=7 (full 0):
 garbage-first heap   total 152576K, used 18280K [0x0000000080000000, 0x0000000100000000)
  region size 1024K, 6 young (6144K), 6 survivors (6144K)
 Metaspace       used 26776K, capacity 27471K, committed 27648K, reserved 1073152K
  class space    used 3520K, capacity 3752K, committed 3840K, reserved 1048576K
}
Event: 4.893 GC heap before
{Heap before GC invocations=7 (full 0):
 garbage-first heap   total 152576K, used 61288K [0x0000000080000000, 0x0000000100000000)
  region size 1024K, 49 young (50176K), 6 survivors (6144K)
 Metaspace       used 35070K, capacity 35825K, committed 35840K, reserved 1081344K
  class space    used 4562K, capacity 4856K, committed 4864K, reserved 1048576K
}
Event: 4.906 GC heap after
{Heap after GC invocations=8 (full 0):
 garbage-first heap   total 152576K, used 21311K [0x0000000080000000, 0x0000000100000000)
  region size 1024K, 9 young (9216K), 9 survivors (9216K)
 Metaspace       used 35070K, capacity 35825K, committed 35840K, reserved 1081344K
  class space    used 4562K, capacity 4856K, committed 4864K, reserved 1048576K
}
Event: 6.085 GC heap before
{Heap before GC invocations=9 (full 0):
 garbage-first heap   total 152576K, used 96063K [0x0000000080000000, 0x0000000100000000)
  region size 1024K, 79 young (80896K), 9 survivors (9216K)
 Metaspace       used 41882K, capacity 42824K, committed 43084K, reserved 1087488K
  class space    used 5380K, capacity 5712K, committed 5760K, reserved 1048576K
}
Event: 6.100 GC heap after
{Heap after GC invocations=10 (full 0):
 garbage-first heap   total 152576K, used 25178K [0x0000000080000000, 0x0000000100000000)
  region size 1024K, 7 young (7168K), 7 survivors (7168K)
 Metaspace       used 41882K, capacity 42824K, committed 43084K, reserved 1087488K
  class space    used 5380K, capacity 5712K, committed 5760K, reserved 1048576K
}
Event: 7.493 GC heap before
{Heap before GC invocations=10 (full 0):
 garbage-first heap   total 152576K, used 101978K [0x0000000080000000, 0x0000000100000000)
  region size 1024K, 80 young (81920K), 7 survivors (7168K)
 Metaspace       used 45391K, capacity 46594K, committed 46668K, reserved 1089536K
  class space    used 5830K, capacity 6227K, committed 6272K, reserved 1048576K
}
Event: 7.508 GC heap after
{Heap after GC invocations=11 (full 0):
 garbage-first heap   total 152576K, used 36545K [0x0000000080000000, 0x0000000100000000)
  region size 1024K, 10 young (10240K), 10 survivors (10240K)
 Metaspace       used 45391K, capacity 46594K, committed 46668K, reserved 1089536K
  class space    used 5830K, capacity 6227K, committed 6272K, reserved 1048576K
}
Event: 8.963 GC heap before
{Heap before GC invocations=11 (full 0):
 garbage-first heap   total 152576K, used 108225K [0x0000000080000000, 0x0000000100000000)
  region size 1024K, 80 young (81920K), 10 survivors (10240K)
 Metaspace       used 55963K, capacity 57365K, committed 57548K, reserved 1099776K
  class space    used 7111K, capacity 7597K, committed 7680K, reserved 1048576K
}
Event: 8.978 GC heap after
{Heap after GC invocations=12 (full 0):
 garbage-first heap   total 183296K, used 41334K [0x0000000080000000, 0x0000000100000000)
  region size 1024K, 5 young (5120K), 5 survivors (5120K)
 Metaspace       used 55963K, capacity 57365K, committed 57548K, reserved 1099776K
  class space    used 7111K, capacity 7597K, committed 7680K, reserved 1048576K
}
Event: 9.504 GC heap before
{Heap before GC invocations=12 (full 0):
 garbage-first heap   total 183296K, used 70006K [0x0000000080000000, 0x0000000100000000)
  region size 1024K, 33 young (33792K), 5 survivors (5120K)
 Metaspace       used 58703K, capacity 60121K, committed 60288K, reserved 1101824K
  class space    used 7427K, capacity 7907K, committed 7936K, reserved 1048576K
}
Event: 9.519 GC heap after
{Heap after GC invocations=13 (full 0):
 garbage-first heap   total 183296K, used 43710K [0x0000000080000000, 0x0000000100000000)
  region size 1024K, 7 young (7168K), 7 survivors (7168K)
 Metaspace       used 58703K, capacity 60121K, committed 60288K, reserved 1101824K
  class space    used 7427K, capacity 7907K, committed 7936K, reserved 1048576K
}
Event: 11.039 GC heap before
{Heap before GC invocations=14 (full 0):
 garbage-first heap   total 183296K, used 126654K [0x0000000080000000, 0x0000000100000000)
  region size 1024K, 88 young (90112K), 7 survivors (7168K)
 Metaspace       used 64614K, capacity 66173K, committed 66252K, reserved 1105920K
  class space    used 8400K, capacity 8934K, committed 8960K, reserved 1048576K
}
Event: 11.055 GC heap after
{Heap after GC invocations=15 (full 0):
 garbage-first heap   total 183296K, used 49166K [0x0000000080000000, 0x0000000100000000)
  region size 1024K, 9 young (9216K), 9 survivors (9216K)
 Metaspace       used 64614K, capacity 66173K, committed 66252K, reserved 1105920K
  class space    used 8400K, capacity 8934K, committed 8960K, reserved 1048576K
}
Event: 12.621 GC heap before
{Heap before GC invocations=15 (full 0):
 garbage-first heap   total 183296K, used 138254K [0x0000000080000000, 0x0000000100000000)
  region size 1024K, 96 young (98304K), 9 survivors (9216K)
 Metaspace       used 71793K, capacity 73523K, committed 73804K, reserved 1114112K
  class space    used 9432K, capacity 10000K, committed 10112K, reserved 1048576K
}
Event: 12.640 GC heap after
{Heap after GC invocations=16 (full 0):
 garbage-first heap   total 183296K, used 55630K [0x0000000080000000, 0x0000000100000000)
  region size 1024K, 7 young (7168K), 7 survivors (7168K)
 Metaspace       used 71793K, capacity 73523K, committed 73804K, reserved 1114112K
  class space    used 9432K, capacity 10000K, committed 10112K, reserved 1048576K
}
Event: 14.675 GC heap before
{Heap before GC invocations=16 (full 0):
 garbage-first heap   total 183296K, used 139598K [0x0000000080000000, 0x0000000100000000)
  region size 1024K, 90 young (92160K), 7 survivors (7168K)
 Metaspace       used 76586K, capacity 78602K, committed 78796K, reserved 1118208K
  class space    used 9986K, capacity 10652K, committed 10752K, reserved 1048576K
}
Event: 14.693 GC heap after
{Heap after GC invocations=17 (full 0):
 garbage-first heap   total 220160K, used 61039K [0x0000000080000000, 0x0000000100000000)
  region size 1024K, 12 young (12288K), 12 survivors (12288K)
 Metaspace       used 76586K, capacity 78602K, committed 78796K, reserved 1118208K
  class space    used 9986K, capacity 10652K, committed 10752K, reserved 1048576K
}
Event: 17.141 GC heap before
{Heap before GC invocations=17 (full 0):
 garbage-first heap   total 220160K, used 164463K [0x0000000080000000, 0x0000000100000000)
  region size 1024K, 114 young (116736K), 12 survivors (12288K)
 Metaspace       used 77843K, capacity 79886K, committed 80076K, reserved 1118208K
  class space    used 10060K, capacity 10745K, committed 10752K, reserved 1048576K
}
Event: 17.162 GC heap after
{Heap after GC invocations=18 (full 0):
 garbage-first heap   total 220160K, used 66113K [0x0000000080000000, 0x0000000100000000)
  region size 1024K, 11 young (11264K), 11 survivors (11264K)
 Metaspace       used 77843K, capacity 79886K, committed 80076K, reserved 1118208K
  class space    used 10060K, capacity 10745K, committed 10752K, reserved 1048576K
}

Deoptimization events (20 events):
Event: 17.205 Thread 0x00000186c9942000 DEOPT PACKING pc=0x00000186affa481c sp=0x00000028c8efb2f0
Event: 17.205 Thread 0x00000186c9942000 DEOPT UNPACKING pc=0x00000186ae6d64bf sp=0x00000028c8efa890 mode 0
Event: 17.356 Thread 0x00000186c9945800 DEOPT PACKING pc=0x00000186affba230 sp=0x00000028c8dfb2a0
Event: 17.356 Thread 0x00000186c9945800 DEOPT UNPACKING pc=0x00000186ae6d64bf sp=0x00000028c8dfa7c0 mode 0
Event: 17.507 Thread 0x00000186c772d000 Uncommon trap: trap_request=0xffffff4d fr.pc=0x00000186b6665d8c relative=0x00000000000018cc
Event: 17.507 Thread 0x00000186c772d000 Uncommon trap: reason=unstable_if action=reinterpret pc=0x00000186b6665d8c method=java.io.BufferedReader.readLine(Z)Ljava/lang/String; @ 192 c2
Event: 17.507 Thread 0x00000186c772d000 DEOPT PACKING pc=0x00000186b6665d8c sp=0x00000028cf9ff120
Event: 17.507 Thread 0x00000186c772d000 DEOPT UNPACKING pc=0x00000186ae6d66a9 sp=0x00000028cf9ff0d8 mode 2
Event: 17.728 Thread 0x00000186c9942000 DEOPT PACKING pc=0x00000186afc7b731 sp=0x00000028c8efa820
Event: 17.728 Thread 0x00000186c9942000 DEOPT UNPACKING pc=0x00000186ae6d64bf sp=0x00000028c8ef9ce8 mode 0
Event: 17.783 Thread 0x00000186c9945800 DEOPT PACKING pc=0x00000186b004c2e7 sp=0x00000028c8dfb220
Event: 17.783 Thread 0x00000186c9945800 DEOPT UNPACKING pc=0x00000186ae6d64bf sp=0x00000028c8dfa768 mode 0
Event: 17.796 Thread 0x00000186c9948000 DEOPT PACKING pc=0x00000186affa481c sp=0x00000028c8cfb380
Event: 17.796 Thread 0x00000186c9948000 DEOPT UNPACKING pc=0x00000186ae6d64bf sp=0x00000028c8cfa920 mode 0
Event: 17.955 Thread 0x00000186c9947000 DEOPT PACKING pc=0x00000186affa481c sp=0x00000028c8bfb4f0
Event: 17.955 Thread 0x00000186c9947000 DEOPT UNPACKING pc=0x00000186ae6d64bf sp=0x00000028c8bfaa90 mode 0
Event: 17.980 Thread 0x00000186c9945800 Uncommon trap: trap_request=0xffffff4d fr.pc=0x00000186b66c44f8 relative=0x00000000000007d8
Event: 17.980 Thread 0x00000186c9945800 Uncommon trap: reason=unstable_if action=reinterpret pc=0x00000186b66c44f8 method=com.sun.org.apache.xerces.internal.impl.XMLEntityScanner.scanData(Ljava/lang/String;Lcom/sun/org/apache/xerces/internal/util/XMLStringBuffer;I)Z @ 736 c2
Event: 17.980 Thread 0x00000186c9945800 DEOPT PACKING pc=0x00000186b66c44f8 sp=0x00000028c8dfb2b0
Event: 17.980 Thread 0x00000186c9945800 DEOPT UNPACKING pc=0x00000186ae6d66a9 sp=0x00000028c8dfb270 mode 2

Classes redefined (0 events):
No events

Internal exceptions (20 events):
Event: 13.943 Thread 0x00000186c9948000 Exception <a 'java/lang/NoSuchMethodError'{0x00000000881267e0}: 'java.lang.Object java.lang.invoke.DirectMethodHandle$Holder.invokeSpecial(java.lang.Object, java.lang.Object, int, java.lang.Object, java.lang.Object)'> (0x00000000881267e0) thrown at [./src/hotspot/share/interpreter/linkResolver.cpp, line 773]
Event: 13.944 Thread 0x00000186c9948000 Exception <a 'java/lang/NoSuchMethodError'{0x000000008812f018}: 'java.lang.Object java.lang.invoke.DirectMethodHandle$Holder.invokeStatic(java.lang.Object, java.lang.Object, int, java.lang.Object)'> (0x000000008812f018) thrown at [./src/hotspot/share/interpreter/linkResolver.cpp, line 773]
Event: 13.945 Thread 0x00000186c9948000 Exception <a 'java/lang/NoSuchMethodError'{0x0000000088132fb8}: 'java.lang.Object java.lang.invoke.Invokers$Holder.linkToTargetMethod(java.lang.Object, int, java.lang.Object, java.lang.Object)'> (0x0000000088132fb8) thrown at [./src/hotspot/share/interpreter/linkResolver.cpp, line 773]
Event: 13.952 Thread 0x00000186c9948000 Exception <a 'java/lang/NoSuchMethodError'{0x0000000088194de8}: 'void java.lang.invoke.DirectMethodHandle$Holder.invokeVirtual(java.lang.Object, java.lang.Object)'> (0x0000000088194de8) thrown at [./src/hotspot/share/interpreter/linkResolver.cpp, line 773]
Event: 14.694 Thread 0x00000186c7729800 Implicit null exception at 0x00000186b65bdfd2 to 0x00000186b65be3ec
Event: 14.724 Thread 0x00000186c9947000 Implicit null exception at 0x00000186b65c654b to 0x00000186b65c6d44
Event: 16.505 Thread 0x00000186c7729800 Exception <a 'java/lang/NoSuchMethodError'{0x0000000088400978}: <clinit>> (0x0000000088400978) thrown at [./src/hotspot/share/prims/jni.cpp, line 1362]
Event: 16.916 Thread 0x00000186c7723000 Exception <a 'java/lang/NoSuchMethodError'{0x000000008788c560}: <clinit>> (0x000000008788c560) thrown at [./src/hotspot/share/prims/jni.cpp, line 1362]
Event: 16.916 Thread 0x00000186c7723000 Exception <a 'java/lang/NoSuchMethodError'{0x000000008788d880}: <clinit>> (0x000000008788d880) thrown at [./src/hotspot/share/prims/jni.cpp, line 1362]
Event: 16.916 Thread 0x00000186c7723000 Exception <a 'java/lang/NoSuchMethodError'{0x000000008788fd38}: <clinit>> (0x000000008788fd38) thrown at [./src/hotspot/share/prims/jni.cpp, line 1362]
Event: 16.918 Thread 0x00000186c7723000 Exception <a 'java/lang/NoSuchMethodError'{0x00000000878a7da8}: <clinit>> (0x00000000878a7da8) thrown at [./src/hotspot/share/prims/jni.cpp, line 1362]
Event: 16.918 Thread 0x00000186c7723000 Exception <a 'java/lang/NoSuchMethodError'{0x00000000878a8fe0}: <clinit>> (0x00000000878a8fe0) thrown at [./src/hotspot/share/prims/jni.cpp, line 1362]
Event: 16.947 Thread 0x00000186c9947000 Exception <a 'sun/nio/fs/WindowsException'{0x0000000087790d88}> (0x0000000087790d88) thrown at [./src/hotspot/share/prims/jni.cpp, line 615]
Event: 16.955 Thread 0x00000186c9947000 Exception <a 'sun/nio/fs/WindowsException'{0x00000000877e5b90}> (0x00000000877e5b90) thrown at [./src/hotspot/share/prims/jni.cpp, line 615]
Event: 17.020 Thread 0x00000186c9947000 Exception <a 'sun/nio/fs/WindowsException'{0x00000000877eb160}> (0x00000000877eb160) thrown at [./src/hotspot/share/prims/jni.cpp, line 615]
Event: 17.402 Thread 0x00000186c9942000 Exception <a 'java/lang/NoSuchMethodError'{0x000000008ccd6a30}: 'void java.lang.invoke.DirectMethodHandle$Holder.invokeStatic(java.lang.Object, long)'> (0x000000008ccd6a30) thrown at [./src/hotspot/share/interpreter/linkResolver.cpp, line 773]
Event: 17.402 Thread 0x00000186c9942000 Exception <a 'java/lang/NoSuchMethodError'{0x000000008ccdc440}: 'java.lang.Object java.lang.invoke.DirectMethodHandle$Holder.invokeStatic(java.lang.Object, long)'> (0x000000008ccdc440) thrown at [./src/hotspot/share/interpreter/linkResolver.cpp, line 773]
Event: 17.405 Thread 0x00000186c9942000 Exception <a 'java/lang/NoSuchMethodError'{0x000000008cb52d40}: 'java.lang.Object java.lang.invoke.DirectMethodHandle$Holder.invokeStaticInit(java.lang.Object, java.lang.Object, long, java.lang.Object)'> (0x000000008cb52d40) thrown at [./src/hotspot/share/interpreter/linkResolver.cpp, line 773]
Event: 17.406 Thread 0x00000186c9942000 Exception <a 'java/lang/NoSuchMethodError'{0x000000008cb59428}: 'java.lang.Object java.lang.invoke.DirectMethodHandle$Holder.invokeStatic(java.lang.Object, java.lang.Object, long)'> (0x000000008cb59428) thrown at [./src/hotspot/share/interpreter/linkResolver.cpp, line 773]
Event: 17.406 Thread 0x00000186c9942000 Exception <a 'java/lang/NoSuchMethodError'{0x000000008cb5ffa0}: 'java.lang.Object java.lang.invoke.Invokers$Holder.linkToTargetMethod(java.lang.Object, long, java.lang.Object)'> (0x000000008cb5ffa0) thrown at [./src/hotspot/share/interpreter/linkResolver.cpp, line 773]

Events (20 events):
Event: 17.862 loading class com/android/aaptcompiler/XmlProcessorKt
Event: 17.862 loading class com/android/aaptcompiler/XmlProcessorKt done
Event: 17.885 loading class com/android/aaptcompiler/UnicodeUtilKt
Event: 17.885 loading class com/android/aaptcompiler/UnicodeUtilKt done
Event: 17.890 loading class com/android/aaptcompiler/SourcedResourceName
Event: 17.890 loading class com/android/aaptcompiler/SourcedResourceName done
Event: 17.891 loading class kotlin/comparisons/ComparisonsKt
Event: 17.891 loading class kotlin/comparisons/ComparisonsKt done
Event: 17.891 loading class kotlin/comparisons/ComparisonsKt
Event: 17.891 loading class kotlin/comparisons/ComparisonsKt done
Event: 17.891 loading class kotlin/comparisons/ComparisonsKt___ComparisonsKt
Event: 17.891 loading class kotlin/comparisons/ComparisonsKt___ComparisonsKt done
Event: 17.892 loading class kotlin/comparisons/ComparisonsKt___ComparisonsJvmKt
Event: 17.892 loading class kotlin/comparisons/ComparisonsKt___ComparisonsJvmKt done
Event: 17.893 loading class kotlin/comparisons/ComparisonsKt__ComparisonsKt
Event: 17.893 loading class kotlin/comparisons/ComparisonsKt__ComparisonsKt done
Event: 17.899 loading class android/aapt/pb/internal/ResourcesInternal$CompiledFile$Symbol$1
Event: 17.899 loading class android/aapt/pb/internal/ResourcesInternal$CompiledFile$Symbol$1 done
Event: 17.900 loading class android/aapt/pb/internal/ResourcesInternal$CompiledFile$Symbol$Builder
Event: 17.900 loading class android/aapt/pb/internal/ResourcesInternal$CompiledFile$Symbol$Builder done


Dynamic libraries:
0x00007ff72a180000 - 0x00007ff72a18a000 	D:\Program Files\Android\Android Studio\jre\bin\java.exe
0x00007ffc85ff0000 - 0x00007ffc861e5000 	C:\WINDOWS\SYSTEM32\ntdll.dll
0x00007ffc84430000 - 0x00007ffc844ed000 	C:\WINDOWS\System32\KERNEL32.DLL
0x00007ffc83760000 - 0x00007ffc83a29000 	C:\WINDOWS\System32\KERNELBASE.dll
0x00007ffc83e60000 - 0x00007ffc83f60000 	C:\WINDOWS\System32\ucrtbase.dll
0x00007ffc7f4f0000 - 0x00007ffc7f509000 	D:\Program Files\Android\Android Studio\jre\bin\jli.dll
0x00007ffc7f0a0000 - 0x00007ffc7f0b7000 	D:\Program Files\Android\Android Studio\jre\bin\VCRUNTIME140.dll
0x00007ffc84750000 - 0x00007ffc848f0000 	C:\WINDOWS\System32\USER32.dll
0x00007ffc83f60000 - 0x00007ffc83f82000 	C:\WINDOWS\System32\win32u.dll
0x00007ffc747b0000 - 0x00007ffc74a4a000 	C:\WINDOWS\WinSxS\amd64_microsoft.windows.common-controls_6595b64144ccf1df_6.0.19041.1110_none_60b5254171f9507e\COMCTL32.dll
0x00007ffc84720000 - 0x00007ffc8474a000 	C:\WINDOWS\System32\GDI32.dll
0x00007ffc85560000 - 0x00007ffc855fe000 	C:\WINDOWS\System32\msvcrt.dll
0x00007ffc83ca0000 - 0x00007ffc83dab000 	C:\WINDOWS\System32\gdi32full.dll
0x00007ffc83f90000 - 0x00007ffc8402d000 	C:\WINDOWS\System32\msvcp_win.dll
0x00007ffc846f0000 - 0x00007ffc84720000 	C:\WINDOWS\System32\IMM32.DLL
0x00007ffc727d0000 - 0x00007ffc7286d000 	D:\Program Files\Android\Android Studio\jre\bin\msvcp140.dll
0x00007ffc554f0000 - 0x00007ffc55fac000 	D:\Program Files\Android\Android Studio\jre\bin\server\jvm.dll
0x00007ffc841f0000 - 0x00007ffc8429c000 	C:\WINDOWS\System32\ADVAPI32.dll
0x00007ffc851d0000 - 0x00007ffc8526b000 	C:\WINDOWS\System32\sechost.dll
0x00007ffc84040000 - 0x00007ffc8416a000 	C:\WINDOWS\System32\RPCRT4.dll
0x00007ffc84030000 - 0x00007ffc84038000 	C:\WINDOWS\System32\PSAPI.DLL
0x00007ffc78840000 - 0x00007ffc78849000 	C:\WINDOWS\SYSTEM32\WSOCK32.dll
0x00007ffc842a0000 - 0x00007ffc8430b000 	C:\WINDOWS\System32\WS2_32.dll
0x00007ffc7ee70000 - 0x00007ffc7ee97000 	C:\WINDOWS\SYSTEM32\WINMM.dll
0x00007ffc78e40000 - 0x00007ffc78e4a000 	C:\WINDOWS\SYSTEM32\VERSION.dll
0x00007ffc81510000 - 0x00007ffc81522000 	C:\WINDOWS\SYSTEM32\kernel.appcore.dll
0x00007ffc7e700000 - 0x00007ffc7e711000 	D:\Program Files\Android\Android Studio\jre\bin\verify.dll
0x00007ffc7dd00000 - 0x00007ffc7dee4000 	C:\WINDOWS\SYSTEM32\DBGHELP.DLL
0x00007ffc7d980000 - 0x00007ffc7d9ac000 	C:\WINDOWS\SYSTEM32\dbgcore.DLL
0x00007ffc83bc0000 - 0x00007ffc83c43000 	C:\WINDOWS\System32\bcryptPrimitives.dll
0x00007ffc7d190000 - 0x00007ffc7d1b9000 	D:\Program Files\Android\Android Studio\jre\bin\java.dll
0x00007ffc7f540000 - 0x00007ffc7f54b000 	D:\Program Files\Android\Android Studio\jre\bin\jimage.dll
0x00007ffc7e6e0000 - 0x00007ffc7e6f8000 	D:\Program Files\Android\Android Studio\jre\bin\zip.dll
0x00007ffc849b0000 - 0x00007ffc850ef000 	C:\WINDOWS\System32\SHELL32.dll
0x00007ffc817f0000 - 0x00007ffc81f81000 	C:\WINDOWS\SYSTEM32\windows.storage.dll
0x00007ffc85a70000 - 0x00007ffc85dc5000 	C:\WINDOWS\System32\combase.dll
0x00007ffc83010000 - 0x00007ffc8303c000 	C:\WINDOWS\SYSTEM32\Wldp.dll
0x00007ffc85370000 - 0x00007ffc8541e000 	C:\WINDOWS\System32\SHCORE.dll
0x00007ffc848f0000 - 0x00007ffc84945000 	C:\WINDOWS\System32\shlwapi.dll
0x00007ffc83640000 - 0x00007ffc8365f000 	C:\WINDOWS\SYSTEM32\profapi.dll
0x00007ffc7e6b0000 - 0x00007ffc7e6ca000 	D:\Program Files\Android\Android Studio\jre\bin\net.dll
0x00007ffc7c5c0000 - 0x00007ffc7c6ca000 	C:\WINDOWS\SYSTEM32\WINHTTP.dll
0x00007ffc82e00000 - 0x00007ffc82e6a000 	C:\WINDOWS\system32\mswsock.dll
0x00007ffc7d390000 - 0x00007ffc7d3a4000 	D:\Program Files\Android\Android Studio\jre\bin\nio.dll
0x00007ffc7f010000 - 0x00007ffc7f037000 	C:\Users\Masha Otaku\.gradle\native\fdc75f09e3144964f2cf3f50f0aa648679c211496f362492102eb8c894070792\windows-amd64\native-platform.dll
0x00007ffc71250000 - 0x00007ffc713e6000 	C:\Users\Masha Otaku\.gradle\native\12488b8bf47d2d4c9fbf2f6322a914ad602e24e48041cd04a747c6da556b65c4\windows-amd64\native-platform-file-events.dll
0x00007ffc7f4e0000 - 0x00007ffc7f4ea000 	D:\Program Files\Android\Android Studio\jre\bin\management.dll
0x00007ffc7f4b0000 - 0x00007ffc7f4bc000 	D:\Program Files\Android\Android Studio\jre\bin\management_ext.dll
0x00007ffc833e0000 - 0x00007ffc833f8000 	C:\WINDOWS\SYSTEM32\CRYPTSP.dll
0x00007ffc82760000 - 0x00007ffc82794000 	C:\WINDOWS\system32\rsaenh.dll
0x00007ffc83a30000 - 0x00007ffc83a57000 	C:\WINDOWS\System32\bcrypt.dll
0x00007ffc835c0000 - 0x00007ffc835ee000 	C:\WINDOWS\SYSTEM32\USERENV.dll
0x00007ffc83080000 - 0x00007ffc8308c000 	C:\WINDOWS\SYSTEM32\CRYPTBASE.dll
0x00007ffc82a90000 - 0x00007ffc82acb000 	C:\WINDOWS\SYSTEM32\IPHLPAPI.DLL
0x00007ffc85270000 - 0x00007ffc85278000 	C:\WINDOWS\System32\NSI.dll
0x00007ffc7e420000 - 0x00007ffc7e437000 	C:\WINDOWS\SYSTEM32\dhcpcsvc6.DLL
0x00007ffc7e400000 - 0x00007ffc7e41d000 	C:\WINDOWS\SYSTEM32\dhcpcsvc.DLL
0x00007ffc82ad0000 - 0x00007ffc82b9c000 	C:\WINDOWS\SYSTEM32\DNSAPI.dll
0x00007ffc7e590000 - 0x00007ffc7e59b000 	C:\WINDOWS\SYSTEM32\WINNSI.DLL
0x00007ffc80f70000 - 0x00007ffc81000000 	C:\WINDOWS\system32\apphelp.dll

dbghelp: loaded successfully - version: 4.0.5 - missing functions: none
symbol engine: initialized successfully - sym options: 0x614 - pdb path: .;D:\Program Files\Android\Android Studio\jre\bin;C:\WINDOWS\SYSTEM32;C:\WINDOWS\WinSxS\amd64_microsoft.windows.common-controls_6595b64144ccf1df_6.0.19041.1110_none_60b5254171f9507e;D:\Program Files\Android\Android Studio\jre\bin\server;C:\Users\Masha Otaku\.gradle\native\fdc75f09e3144964f2cf3f50f0aa648679c211496f362492102eb8c894070792\windows-amd64;C:\Users\Masha Otaku\.gradle\native\12488b8bf47d2d4c9fbf2f6322a914ad602e24e48041cd04a747c6da556b65c4\windows-amd64

VM Arguments:
jvm_args: --add-opens=java.base/java.util=ALL-UNNAMED --add-opens=java.base/java.lang=ALL-UNNAMED --add-opens=java.base/java.lang.invoke=ALL-UNNAMED --add-opens=java.prefs/java.util.prefs=ALL-UNNAMED -Xmx2048m -Dfile.encoding=UTF-8 -Duser.country=GR -Duser.language=el -Duser.variant 
java_command: org.gradle.launcher.daemon.bootstrap.GradleDaemon 6.7.1
java_class_path (initial): C:\Users\Masha Otaku\.gradle\wrapper\dists\gradle-6.7.1-bin\bwlcbys1h7rz3272sye1xwiv6\gradle-6.7.1\lib\gradle-launcher-6.7.1.jar
Launcher Type: SUN_STANDARD

[Global flags]
     intx CICompilerCount                          = 3                                         {product} {ergonomic}
     uint ConcGCThreads                            = 1                                         {product} {ergonomic}
     uint G1ConcRefinementThreads                  = 4                                         {product} {ergonomic}
   size_t G1HeapRegionSize                         = 1048576                                   {product} {ergonomic}
    uintx GCDrainStackTargetSize                   = 64                                        {product} {ergonomic}
   size_t InitialHeapSize                          = 130023424                                 {product} {ergonomic}
   size_t MarkStackSize                            = 4194304                                   {product} {ergonomic}
   size_t MaxHeapSize                              = 2147483648                                {product} {command line}
   size_t MaxNewSize                               = 1287651328                                {product} {ergonomic}
   size_t MinHeapDeltaBytes                        = 1048576                                   {product} {ergonomic}
    uintx NonNMethodCodeHeapSize                   = 5830732                                {pd product} {ergonomic}
    uintx NonProfiledCodeHeapSize                  = 122913754                              {pd product} {ergonomic}
    uintx ProfiledCodeHeapSize                     = 122913754                              {pd product} {ergonomic}
    uintx ReservedCodeCacheSize                    = 251658240                              {pd product} {ergonomic}
     bool SegmentedCodeCache                       = true                                      {product} {ergonomic}
     bool UseCompressedClassPointers               = true                                 {lp64_product} {ergonomic}
     bool UseCompressedOops                        = true                                 {lp64_product} {ergonomic}
     bool UseG1GC                                  = true                                      {product} {ergonomic}
     bool UseLargePagesIndividualAllocation        = false                                  {pd product} {ergonomic}

Logging:
Log output configuration:
 #0: stdout all=warning uptime,level,tags
 #1: stderr all=off uptime,level,tags

Environment Variables:
PATH=C:\Program Files (x86)\Common Files\Oracle\Java\javapath;D:\Program Files\Java\bin;C:\Users\Masha Otaku\AppData\Roaming\Python\Python38\Scripts;C:\Program Files (x86)\Windows Kits\10\Windows Performance Toolkit\;C:\Program Files\Microsoft SQL Server\Client SDK\ODBC\170\Tools\Binn\;C:\Program Files (x86)\Microsoft SQL Server\150\Tools\Binn\;C:\Program Files\Microsoft SQL Server\150\Tools\Binn\;C:\Program Files\Microsoft SQL Server\150\DTS\Binn\;C:\WINDOWS\System32;C:\ProgramFiles\MongoDB\Server\4.4\bin;C:\Program Files\Azure Data Studio\bin;C:\Program Files\dotnet\;;C:\WINDOWS\system32;C:\WINDOWS;C:\WINDOWS\System32\Wbem;C:\WINDOWS\System32\WindowsPowerShell\v1.0\;C:\WINDOWS\System32\OpenSSH\;C:\Program Files\MySQL\MySQL Shell 8.0\bin\;C:\Users\Masha Otaku\AppData\Local\Programs\Python\Python38-32\Scripts\;C:\Users\Masha Otaku\AppData\Local\Programs\Python\Python38-32\;C:\Users\Masha Otaku\AppData\Local\Microsoft\WindowsApps;D:\Program Files\IntelJ\IntelliJ IDEA Community Edition 2019.3.3\bin;;C:\Program Files\Azure Data Studio\bin;
USERNAME=Masha Otaku
OS=Windows_NT
PROCESSOR_IDENTIFIER=AMD64 Family 16 Model 4 Stepping 3, AuthenticAMD



---------------  S Y S T E M  ---------------

OS: Windows 10 , 64 bit Build 19041 (10.0.19041.1023)
OS uptime: 8 days 0:21 hours
HyperV virtualization detected

CPU:total 4 (initial active 4) (4 cores per cpu, 1 threads per core) family 16 model 4 stepping 3, cmov, cx8, fxsr, mmx, sse, sse2, sse3, popcnt, mmxext, 3dnowpref, lzcnt, sse4a, tsc, tscinvbit, tscinv

Memory: 4k page, system-wide physical 7935M (2233M free)
TotalPageFile size 8447M (AvailPageFile size 4M)
current process WorkingSet (physical memory assigned to process): 444M, peak: 444M
current process commit charge ("private bytes"): 481M, peak: 482M

vm_info: OpenJDK 64-Bit Server VM (11.0.8+10-b944.6842174) for windows-amd64 JRE (11.0.8+10-b944.6842174), built on Sep 19 2020 01:11:42 by "builder" with MS VC++ 14.0 (VS2015)

END.
